2014-10-22 01:37:27 Debug: Notice (8): Undefined property: UsersController::$Auth in [F:\Projects\PHP\aodshop\app\controllers\users_controller.php, line 96]
2014-10-22 01:39:44 Debug: Notice (8): Undefined property: UsersController::$Auth in [F:\Projects\PHP\aodshop\app\controllers\users_controller.php, line 96]
2014-10-22 01:45:22 Debug: Notice (8): Undefined property: UsersController::$Auth in [F:\Projects\PHP\aodshop\app\controllers\users_controller.php, line 96]
2014-10-22 15:50:09 Debug: Notice (8): Undefined property: UsersController::$Auth in [E:\Projects\PHP\aodshop\app\controllers\users_controller.php, line 98]
2014-10-23 14:47:49 Debug: Notice (8): Undefined property: ApiController::$City in [E:\Projects\PHP\aodshop\app\controllers\api_controller.php, line 13]
2014-10-23 14:48:55 Debug: Notice (8): Undefined property: ApiController::$City in [E:\Projects\PHP\aodshop\app\controllers\api_controller.php, line 13]
2014-10-23 16:03:55 Debug: Notice (8): Undefined variable: avergrade in [E:\Projects\PHP\aodshop\app\controllers\api_controller.php, line 17]
2014-10-24 14:11:38 Debug: Notice (8): Array to string conversion in [E:\Projects\PHP\aodshop\cake\libs\model\datasources\dbo_source.php, line 2025]
2014-10-24 14:11:38 Debug: Notice (8): Array to string conversion in [E:\Projects\PHP\aodshop\cake\libs\model\datasources\dbo_source.php, line 2029]
2014-10-24 14:11:38 Debug: Notice (8): Array to string conversion in [E:\Projects\PHP\aodshop\cake\libs\model\datasources\dbo_source.php, line 2033]
2014-10-24 14:11:38 Debug: Notice (8): Array to string conversion in [E:\Projects\PHP\aodshop\cake\libs\model\datasources\dbo_source.php, line 2034]
2014-10-24 14:11:51 Debug: Notice (8): Array to string conversion in [E:\Projects\PHP\aodshop\cake\libs\model\datasources\dbo_source.php, line 2025]
2014-10-24 14:11:51 Debug: Notice (8): Array to string conversion in [E:\Projects\PHP\aodshop\cake\libs\model\datasources\dbo_source.php, line 2029]
2014-10-24 14:11:51 Debug: Notice (8): Array to string conversion in [E:\Projects\PHP\aodshop\cake\libs\model\datasources\dbo_source.php, line 2033]
2014-10-24 14:11:51 Debug: Notice (8): Array to string conversion in [E:\Projects\PHP\aodshop\cake\libs\model\datasources\dbo_source.php, line 2034]
2014-10-24 14:12:02 Debug: Notice (8): Array to string conversion in [E:\Projects\PHP\aodshop\cake\libs\model\datasources\dbo_source.php, line 2025]
2014-10-24 14:12:02 Debug: Notice (8): Array to string conversion in [E:\Projects\PHP\aodshop\cake\libs\model\datasources\dbo_source.php, line 2029]
2014-10-24 14:12:02 Debug: Notice (8): Array to string conversion in [E:\Projects\PHP\aodshop\cake\libs\model\datasources\dbo_source.php, line 2033]
2014-10-24 14:12:02 Debug: Notice (8): Array to string conversion in [E:\Projects\PHP\aodshop\cake\libs\model\datasources\dbo_source.php, line 2034]
2014-10-24 14:12:50 Debug: Notice (8): Array to string conversion in [E:\Projects\PHP\aodshop\cake\libs\model\datasources\dbo_source.php, line 2025]
2014-10-24 14:12:50 Debug: Notice (8): Array to string conversion in [E:\Projects\PHP\aodshop\cake\libs\model\datasources\dbo_source.php, line 2029]
2014-10-24 14:12:50 Debug: Notice (8): Array to string conversion in [E:\Projects\PHP\aodshop\cake\libs\model\datasources\dbo_source.php, line 2033]
2014-10-24 14:12:50 Debug: Notice (8): Array to string conversion in [E:\Projects\PHP\aodshop\cake\libs\model\datasources\dbo_source.php, line 2034]
2014-10-24 15:37:15 Debug: Notice (8): Array to string conversion in [E:\Projects\PHP\aodshop\cake\libs\model\datasources\dbo_source.php, line 2218]
2014-10-24 15:37:15 Debug: Notice (8): Array to string conversion in [E:\Projects\PHP\aodshop\cake\libs\model\datasources\dbo_source.php, line 2218]
2014-10-24 15:38:52 Debug: Notice (8): Array to string conversion in [E:\Projects\PHP\aodshop\cake\libs\model\datasources\dbo_source.php, line 2218]
2014-10-24 15:38:57 Debug: Notice (8): Array to string conversion in [E:\Projects\PHP\aodshop\cake\libs\model\datasources\dbo_source.php, line 2218]
2014-10-24 15:39:17 Debug: Notice (8): Array to string conversion in [E:\Projects\PHP\aodshop\cake\libs\model\datasources\dbo_source.php, line 2218]
2014-10-24 15:40:08 Debug: Notice (8): Array to string conversion in [E:\Projects\PHP\aodshop\cake\libs\model\datasources\dbo_source.php, line 2218]
2014-10-24 15:40:33 Debug: Notice (8): Undefined index:  provice_id in [E:\Projects\PHP\aodshop\app\controllers\api_controller.php, line 127]
2014-10-24 15:57:51 Debug: Notice (8): Undefined variable: districts in [E:\Projects\PHP\aodshop\app\controllers\api_controller.php, line 133]
2014-10-24 15:57:51 Debug: Notice (8): Undefined variable: districts in [E:\Projects\PHP\aodshop\app\controllers\api_controller.php, line 134]
2014-10-24 15:58:07 Debug: Notice (8): Undefined variable: districts in [E:\Projects\PHP\aodshop\app\controllers\api_controller.php, line 133]
2014-10-24 15:58:07 Debug: Notice (8): Undefined variable: districts in [E:\Projects\PHP\aodshop\app\controllers\api_controller.php, line 134]
2014-10-25 12:59:33 Debug: Notice (8): Undefined variable: pattern in [F:\Projects\PHP\aodshop\app\controllers\api_controller.php, line 160]
2014-10-25 13:00:26 Debug: Notice (8): Undefined variable: pattern in [F:\Projects\PHP\aodshop\app\controllers\api_controller.php, line 160]
2014-10-25 15:32:32 Debug: Notice (8): Undefined variable: username in [F:\Projects\PHP\aodshop\app\controllers\api_controller.php, line 176]
2014-10-25 23:26:36 Debug: Notice (8): Undefined index:  userid in [F:\Projects\PHP\aodshop\app\controllers\api_controller.php, line 259]
2014-10-25 23:26:36 Debug: Notice (8): Undefined index:  appkey in [F:\Projects\PHP\aodshop\app\controllers\api_controller.php, line 260]
2014-10-25 23:26:36 Debug: Notice (8): Undefined index:  model in [F:\Projects\PHP\aodshop\app\controllers\api_controller.php, line 261]
2014-10-25 23:26:36 Debug: Notice (8): Undefined index:  recursive in [F:\Projects\PHP\aodshop\app\controllers\api_controller.php, line 262]
2014-10-25 23:26:36 Debug: Notice (8): Undefined index:  model_id in [F:\Projects\PHP\aodshop\app\controllers\api_controller.php, line 263]
2014-10-26 14:28:59 Debug: Notice (8): Undefined index:  model in [E:\Projects\PHP\aodshop\app\controllers\api_controller.php, line 261]
2014-10-26 14:28:59 Debug: Notice (8): Undefined index:  recursive in [E:\Projects\PHP\aodshop\app\controllers\api_controller.php, line 262]
2014-10-26 14:28:59 Debug: Notice (8): Undefined index:  model_id in [E:\Projects\PHP\aodshop\app\controllers\api_controller.php, line 263]
2014-10-26 14:28:59 Debug: Notice (8): Undefined variable: var in [E:\Projects\PHP\aodshop\app\controllers\api_controller.php, line 264]
2014-10-26 14:39:02 Debug: Notice (8): Undefined index:  model in [E:\Projects\PHP\aodshop\app\controllers\api_controller.php, line 262]
2014-10-26 14:39:02 Debug: Notice (8): Undefined index:  recursive in [E:\Projects\PHP\aodshop\app\controllers\api_controller.php, line 263]
2014-10-26 14:39:02 Debug: Notice (8): Undefined index:  model_id in [E:\Projects\PHP\aodshop\app\controllers\api_controller.php, line 264]
2014-10-26 14:39:02 Debug: Notice (8): Undefined variable: var in [E:\Projects\PHP\aodshop\app\controllers\api_controller.php, line 265]
2014-10-26 14:41:25 Debug: Notice (8): Undefined index:  model_id in [E:\Projects\PHP\aodshop\app\controllers\api_controller.php, line 264]
2014-10-26 14:41:25 Debug: Notice (8): Undefined variable: var in [E:\Projects\PHP\aodshop\app\controllers\api_controller.php, line 265]
2014-10-26 14:42:40 Debug: Notice (8): Undefined index:  model_id in [E:\Projects\PHP\aodshop\app\controllers\api_controller.php, line 264]
2014-10-26 14:42:40 Debug: Notice (8): Undefined variable: var in [E:\Projects\PHP\aodshop\app\controllers\api_controller.php, line 265]
2014-10-26 14:42:47 Debug: Notice (8): Undefined variable: key in [E:\Projects\PHP\aodshop\app\controllers\api_controller.php, line 305]
2014-10-26 14:42:47 Debug: Notice (8): Undefined variable: userid in [E:\Projects\PHP\aodshop\app\controllers\api_controller.php, line 306]
2014-10-26 14:42:47 Debug: Notice (8): Undefined index:  model_id in [E:\Projects\PHP\aodshop\app\controllers\api_controller.php, line 264]
2014-10-26 14:42:47 Debug: Notice (8): Undefined variable: var in [E:\Projects\PHP\aodshop\app\controllers\api_controller.php, line 265]
2014-10-26 14:43:48 Debug: Notice (8): Undefined variable: key in [E:\Projects\PHP\aodshop\app\controllers\api_controller.php, line 305]
2014-10-26 14:43:48 Debug: Notice (8): Undefined index:  model_id in [E:\Projects\PHP\aodshop\app\controllers\api_controller.php, line 264]
2014-10-26 14:43:48 Debug: Notice (8): Undefined variable: var in [E:\Projects\PHP\aodshop\app\controllers\api_controller.php, line 265]
2014-10-26 14:44:11 Debug: Notice (8): Undefined index:  model_id in [E:\Projects\PHP\aodshop\app\controllers\api_controller.php, line 264]
2014-10-26 14:44:11 Debug: Notice (8): Undefined variable: var in [E:\Projects\PHP\aodshop\app\controllers\api_controller.php, line 265]
2014-10-26 14:45:26 Debug: Notice (8): Undefined index:  model_id in [E:\Projects\PHP\aodshop\app\controllers\api_controller.php, line 264]
2014-10-26 14:45:26 Debug: Notice (8): Undefined variable: var in [E:\Projects\PHP\aodshop\app\controllers\api_controller.php, line 265]
2014-10-26 14:45:59 Debug: Notice (8): Undefined variable: var in [E:\Projects\PHP\aodshop\app\controllers\api_controller.php, line 265]
2014-10-27 11:27:53 Debug: Notice (8): Undefined index:  conditions in [E:\Projects\PHP\aodshop\app\controllers\api_controller.php, line 261]
2014-10-27 11:27:53 Debug: Notice (8): Undefined index:  model in [E:\Projects\PHP\aodshop\app\controllers\api_controller.php, line 262]
2014-10-27 11:27:53 Debug: Notice (8): Undefined variable: var in [E:\Projects\PHP\aodshop\app\controllers\api_controller.php, line 265]
2014-10-27 11:27:59 Debug: Notice (8): Undefined variable: var in [E:\Projects\PHP\aodshop\app\controllers\api_controller.php, line 265]
2014-10-27 11:33:41 Debug: Notice (8): Undefined variable: var in [E:\Projects\PHP\aodshop\app\controllers\api_controller.php, line 265]
2014-10-27 11:34:06 Debug: Notice (8): Undefined variable: conditions in [E:\Projects\PHP\aodshop\app\controllers\api_controller.php, line 265]
2014-10-27 14:07:32 Debug: Notice (8): Undefined variable: checkvalue in [E:\Projects\PHP\aodshop\app\controllers\api_controller.php, line 265]
2014-10-27 14:07:50 Debug: Notice (8): Undefined variable: checkvalue in [E:\Projects\PHP\aodshop\app\controllers\api_controller.php, line 265]
2014-10-27 15:21:47 Debug: Notice (8): Undefined variable: userid in [E:\Projects\PHP\aodshop\app\controllers\api_controller.php, line 268]
2014-10-27 15:21:47 Debug: Notice (8): Undefined variable: appkey in [E:\Projects\PHP\aodshop\app\controllers\api_controller.php, line 268]
2014-10-27 15:21:54 Debug: Notice (8): Undefined variable: userid in [E:\Projects\PHP\aodshop\app\controllers\api_controller.php, line 268]
2014-10-27 15:21:54 Debug: Notice (8): Undefined variable: appkey in [E:\Projects\PHP\aodshop\app\controllers\api_controller.php, line 268]
2014-10-27 15:21:59 Debug: Notice (8): Undefined variable: userid in [E:\Projects\PHP\aodshop\app\controllers\api_controller.php, line 268]
2014-10-27 15:21:59 Debug: Notice (8): Undefined variable: appkey in [E:\Projects\PHP\aodshop\app\controllers\api_controller.php, line 268]
2014-10-27 15:26:36 Debug: Notice (8): Undefined variable: userid in [E:\Projects\PHP\aodshop\app\controllers\api_controller.php, line 274]
2014-10-27 15:26:36 Debug: Notice (8): Undefined variable: appkey in [E:\Projects\PHP\aodshop\app\controllers\api_controller.php, line 274]
2014-10-28 23:42:05 Debug: Notice (8): Undefined index:  is_pass in [F:\Projects\PHP\aodshop\app\controllers\api_controller.php, line 231]
2014-10-29 00:58:26 Debug: Notice (8): Undefined index:  HomepagePicture in [F:\Projects\PHP\aodshop\app\controllers\components\filehandle.php, line 4]
2014-10-29 00:58:26 Debug: Notice (8): Undefined index:  HomepagePicture in [F:\Projects\PHP\aodshop\app\controllers\components\filehandle.php, line 7]
2014-10-29 01:45:04 Debug: Notice (8): Undefined variable: userinfo in [F:\Projects\PHP\aodshop\app\controllers\api_controller.php, line 355]
2014-10-29 02:16:18 Debug: Notice (8): Undefined variable: userid in [F:\Projects\PHP\aodshop\app\controllers\api_controller.php, line 395]
2014-10-30 00:45:55 Debug: Notice (8): Undefined variable: userid in [E:\Projects\PHP\aodshop\app\controllers\api_controller.php, line 429]
2014-10-30 00:45:55 Debug: Notice (8): Undefined variable: userid in [E:\Projects\PHP\aodshop\app\controllers\api_controller.php, line 430]
2014-10-30 00:45:55 Debug: Notice (8): Undefined variable: userid in [E:\Projects\PHP\aodshop\app\controllers\api_controller.php, line 429]
2014-10-30 00:45:55 Debug: Notice (8): Undefined variable: userid in [E:\Projects\PHP\aodshop\app\controllers\api_controller.php, line 430]
2014-10-30 10:19:05 Debug: Notice (8): Undefined variable: userid in [E:\Projects\PHP\aodshop\app\controllers\api_controller.php, line 430]
2014-10-30 10:34:14 Debug: Notice (8): Undefined index:  deadline in [E:\Projects\PHP\aodshop\app\controllers\api_controller.php, line 432]
2014-10-30 13:21:44 Debug: Notice (8): Undefined variable: model in [E:\Projects\PHP\aodshop\app\controllers\api_controller.php, line 430]
2014-10-30 13:21:54 Debug: Notice (8): Undefined variable: model in [E:\Projects\PHP\aodshop\app\controllers\api_controller.php, line 430]
2014-10-30 17:37:27 Debug: Notice (8): Array to string conversion in [E:\Projects\PHP\aodshop\cake\libs\model\datasources\dbo_source.php, line 2387]
2014-10-30 18:02:41 Debug: Notice (8): Undefined variable: start in [E:\Projects\PHP\aodshop\app\controllers\api_controller.php, line 460]
2014-10-30 18:02:41 Debug: Notice (8): Undefined variable: number in [E:\Projects\PHP\aodshop\app\controllers\api_controller.php, line 460]
2014-10-31 14:03:30 Debug: Notice (8): Undefined variable: userid in [E:\Projects\PHP\aodshop\app\controllers\api_controller.php, line 502]
2014-10-31 14:04:15 Debug: Notice (8): Undefined variable: userid in [E:\Projects\PHP\aodshop\app\controllers\api_controller.php, line 502]
2014-10-31 16:53:01 Debug: Notice (8): Undefined property: ApiController::$ProductCollection in [E:\Projects\PHP\aodshop\app\controllers\api_controller.php, line 602]
2014-10-31 17:59:48 Debug: Notice (8): Undefined index:  foreignKey in [E:\Projects\PHP\aodshop\cake\libs\model\datasources\dbo_source.php, line 1412]
2014-11-04 16:41:11 Debug: Notice (8): Undefined variable: dvalue in [E:\Projects\PHP\aodshop\app\controllers\api_controller.php, line 790]
2014-11-04 16:43:05 Debug: Notice (8): Undefined variable: count in [E:\Projects\PHP\aodshop\app\controllers\api_controller.php, line 787]
2014-11-04 17:49:26 Debug: Notice (8): Undefined variable: value in [E:\Projects\PHP\aodshop\app\controllers\api_controller.php, line 801]
2014-11-04 17:53:16 Debug: Notice (8): Undefined property: ApiController::$City in [E:\Projects\PHP\aodshop\app\controllers\api_controller.php, line 764]
2014-11-04 17:53:23 Debug: Notice (8): Undefined property: ApiController::$City in [E:\Projects\PHP\aodshop\app\controllers\api_controller.php, line 764]
2014-11-04 18:08:21 Debug: Notice (8): Undefined variable: id in [E:\Projects\PHP\aodshop\app\controllers\api_controller.php, line 791]
2014-11-04 18:08:34 Debug: Notice (8): Undefined variable: id in [E:\Projects\PHP\aodshop\app\controllers\api_controller.php, line 793]
2014-11-04 18:11:29 Debug: Notice (8): Undefined variable: ids in [E:\Projects\PHP\aodshop\app\controllers\api_controller.php, line 792]
2014-11-04 18:11:36 Debug: Notice (8): Undefined variable: id in [E:\Projects\PHP\aodshop\app\controllers\api_controller.php, line 795]
2014-11-04 18:13:58 Debug: Notice (8): Undefined variable: idss in [E:\Projects\PHP\aodshop\app\controllers\api_controller.php, line 827]
2014-11-04 20:32:44 Debug: Notice (8): Undefined variable: ispass in [F:\Projects\PHP\aodshop\app\controllers\api_controller.php, line 888]
2014-11-04 20:32:44 Debug: Notice (8): Undefined variable: onsale in [F:\Projects\PHP\aodshop\app\controllers\api_controller.php, line 890]
2014-11-06 01:19:23 Debug: Notice (8): Undefined variable: ispass in [F:\Projects\PHP\aodshop\app\controllers\api_controller.php, line 451]
2014-11-06 01:19:23 Debug: Notice (8): Undefined variable: ispass in [F:\Projects\PHP\aodshop\app\controllers\api_controller.php, line 452]
2014-11-06 01:19:23 Debug: Notice (8): Undefined variable: onsale in [F:\Projects\PHP\aodshop\app\controllers\api_controller.php, line 457]
2014-11-06 01:19:23 Debug: Notice (8): Undefined variable: onsale in [F:\Projects\PHP\aodshop\app\controllers\api_controller.php, line 458]
2014-11-08 16:53:00 Debug: Notice (8): Undefined variable: advertisings in [E:\Projects\PHP\aodshop\app\controllers\api_controller.php, line 1036]
2014-11-09 01:36:45 Debug: Notice (8): Array to string conversion in [E:\Projects\PHP\aodshop\cake\libs\model\datasources\dbo_source.php, line 2025]
2014-11-09 01:36:45 Debug: Notice (8): Array to string conversion in [E:\Projects\PHP\aodshop\cake\libs\model\datasources\dbo_source.php, line 2029]
2014-11-09 01:36:45 Debug: Notice (8): Array to string conversion in [E:\Projects\PHP\aodshop\cake\libs\model\datasources\dbo_source.php, line 2033]
2014-11-09 01:36:45 Debug: Notice (8): Array to string conversion in [E:\Projects\PHP\aodshop\cake\libs\model\datasources\dbo_source.php, line 2034]
2014-11-09 01:37:30 Debug: Notice (8): Array to string conversion in [E:\Projects\PHP\aodshop\cake\libs\model\datasources\dbo_source.php, line 2025]
2014-11-09 01:37:30 Debug: Notice (8): Array to string conversion in [E:\Projects\PHP\aodshop\cake\libs\model\datasources\dbo_source.php, line 2029]
2014-11-09 01:37:30 Debug: Notice (8): Array to string conversion in [E:\Projects\PHP\aodshop\cake\libs\model\datasources\dbo_source.php, line 2033]
2014-11-09 01:37:30 Debug: Notice (8): Array to string conversion in [E:\Projects\PHP\aodshop\cake\libs\model\datasources\dbo_source.php, line 2034]
2014-11-09 01:47:07 Debug: Notice (8): Use of undefined constant ispass - assumed 'ispass' in [E:\Projects\PHP\aodshop\app\controllers\api_controller.php, line 450]
2014-11-09 01:50:06 Debug: Notice (8): Array to string conversion in [E:\Projects\PHP\aodshop\cake\libs\model\datasources\dbo_source.php, line 2025]
2014-11-09 01:50:06 Debug: Notice (8): Array to string conversion in [E:\Projects\PHP\aodshop\cake\libs\model\datasources\dbo_source.php, line 2029]
2014-11-09 01:50:06 Debug: Notice (8): Array to string conversion in [E:\Projects\PHP\aodshop\cake\libs\model\datasources\dbo_source.php, line 2033]
2014-11-09 01:50:06 Debug: Notice (8): Array to string conversion in [E:\Projects\PHP\aodshop\cake\libs\model\datasources\dbo_source.php, line 2034]
2014-11-09 11:13:14 Debug: Notice (8): Array to string conversion in [E:\Projects\PHP\aodshop\cake\libs\model\datasources\dbo_source.php, line 2025]
2014-11-09 11:13:14 Debug: Notice (8): Array to string conversion in [E:\Projects\PHP\aodshop\cake\libs\model\datasources\dbo_source.php, line 2029]
2014-11-09 11:13:14 Debug: Notice (8): Array to string conversion in [E:\Projects\PHP\aodshop\cake\libs\model\datasources\dbo_source.php, line 2033]
2014-11-09 11:13:14 Debug: Notice (8): Array to string conversion in [E:\Projects\PHP\aodshop\cake\libs\model\datasources\dbo_source.php, line 2034]
2014-11-09 12:11:44 Debug: Notice (8): Undefined variable: limit in [E:\Projects\PHP\aodshop\app\controllers\api_controller.php, line 1035]
2014-11-09 12:18:24 Debug: Notice (8): Undefined property: ApiController::$ProductComment in [E:\Projects\PHP\aodshop\app\controllers\api_controller.php, line 1093]
2014-11-09 13:01:31 Debug: Notice (8): Trying to get property of non-object in [E:\Projects\PHP\aodshop\cake\libs\model\datasources\dbo_source.php, line 1030]
2014-11-09 13:01:31 Debug: Notice (8): Trying to get property of non-object in [E:\Projects\PHP\aodshop\cake\libs\model\datasources\dbo_source.php, line 1033]
2014-11-09 13:01:55 Debug: Notice (8): Trying to get property of non-object in [E:\Projects\PHP\aodshop\cake\libs\model\datasources\dbo_source.php, line 1030]
2014-11-09 13:01:55 Debug: Notice (8): Trying to get property of non-object in [E:\Projects\PHP\aodshop\cake\libs\model\datasources\dbo_source.php, line 1033]
2014-11-09 13:13:33 Debug: Notice (8): Undefined variable: users in [E:\Projects\PHP\aodshop\app\controllers\api_controller.php, line 1154]
2014-11-09 13:13:33 Debug: Notice (8): Undefined variable: users in [E:\Projects\PHP\aodshop\app\controllers\api_controller.php, line 1165]
2014-11-09 13:14:09 Debug: Notice (8): Undefined variable: users in [E:\Projects\PHP\aodshop\app\controllers\api_controller.php, line 1156]
2014-11-09 13:14:09 Debug: Notice (8): Undefined variable: users in [E:\Projects\PHP\aodshop\app\controllers\api_controller.php, line 1167]
2014-11-09 13:14:31 Debug: Notice (8): Undefined variable: users in [E:\Projects\PHP\aodshop\app\controllers\api_controller.php, line 1168]
2014-11-09 13:14:48 Debug: Notice (8): Undefined variable: value in [E:\Projects\PHP\aodshop\app\controllers\api_controller.php, line 1169]
2014-11-14 10:44:43 Debug: Notice (8): Undefined index:  User in [E:\Projects\PHP\aodshop\app\views\elements\list.ctp, line 2]
2014-11-14 10:44:43 Debug: Notice (8): Undefined index:  User in [E:\Projects\PHP\aodshop\app\views\elements\list.ctp, line 37]
2014-11-14 10:44:43 Debug: Notice (8): Undefined index:  User in [E:\Projects\PHP\aodshop\app\views\elements\list.ctp, line 48]
2014-11-14 10:44:43 Debug: Notice (8): Undefined index:  User in [E:\Projects\PHP\aodshop\app\views\elements\list.ctp, line 57]
2014-11-14 10:45:39 Debug: Notice (8): Undefined property: View::$Helper in [E:\Projects\PHP\aodshop\app\views\users\lv1_list_user.ctp, line 83]
2014-11-14 10:45:46 Debug: Notice (8): Undefined index:  User in [E:\Projects\PHP\aodshop\app\views\elements\list.ctp, line 2]
2014-11-14 10:45:46 Debug: Notice (8): Undefined index:  User in [E:\Projects\PHP\aodshop\app\views\elements\list.ctp, line 37]
2014-11-14 10:45:46 Debug: Notice (8): Undefined index:  User in [E:\Projects\PHP\aodshop\app\views\elements\list.ctp, line 48]
2014-11-14 10:45:46 Debug: Notice (8): Undefined index:  User in [E:\Projects\PHP\aodshop\app\views\elements\list.ctp, line 57]
2014-11-14 10:46:23 Debug: Notice (8): Use of undefined constant php - assumed 'php' in [E:\Projects\PHP\aodshop\app\views\elements\list.ctp, line 67]
2014-11-14 10:46:37 Debug: Notice (8): Use of undefined constant php - assumed 'php' in [E:\Projects\PHP\aodshop\app\views\elements\list.ctp, line 45]
2014-11-14 10:46:53 Debug: Notice (8): Undefined index:  User in [E:\Projects\PHP\aodshop\app\views\elements\list.ctp, line 3]
2014-11-14 10:46:53 Debug: Notice (8): Undefined index:  User in [E:\Projects\PHP\aodshop\app\views\elements\list.ctp, line 38]
2014-11-14 10:46:53 Debug: Notice (8): Undefined index:  User in [E:\Projects\PHP\aodshop\app\views\elements\list.ctp, line 49]
2014-11-14 10:46:53 Debug: Notice (8): Undefined index:  User in [E:\Projects\PHP\aodshop\app\views\elements\list.ctp, line 58]
2014-11-14 10:47:26 Debug: Notice (8): Undefined index:   in [E:\Projects\PHP\aodshop\app\views\elements\list.ctp, line 2]
2014-11-14 10:47:26 Debug: Notice (8): Undefined index:  User in [E:\Projects\PHP\aodshop\app\views\elements\list.ctp, line 37]
2014-11-14 10:47:26 Debug: Notice (8): Undefined index:  User in [E:\Projects\PHP\aodshop\app\views\elements\list.ctp, line 48]
2014-11-14 10:47:26 Debug: Notice (8): Undefined index:  User in [E:\Projects\PHP\aodshop\app\views\elements\list.ctp, line 57]
2014-11-14 11:01:41 Debug: Notice (8): Undefined index:  username in [E:\Projects\PHP\aodshop\app\views\users\lv1_list_user.ctp, line 35]
2014-11-14 11:01:41 Debug: Notice (8): Undefined index:  password in [E:\Projects\PHP\aodshop\app\views\users\lv1_list_user.ctp, line 36]
2014-11-14 11:01:41 Debug: Notice (8): Undefined index:  District in [E:\Projects\PHP\aodshop\app\views\users\lv1_list_user.ctp, line 38]
2014-11-14 11:01:41 Debug: Notice (8): Undefined index:  avatar in [E:\Projects\PHP\aodshop\app\views\users\lv1_list_user.ctp, line 40]
2014-11-14 11:01:41 Debug: Notice (8): Undefined index:  realname in [E:\Projects\PHP\aodshop\app\views\users\lv1_list_user.ctp, line 41]
2014-11-14 11:01:41 Debug: Notice (8): Undefined index:  email in [E:\Projects\PHP\aodshop\app\views\users\lv1_list_user.ctp, line 42]
2014-11-14 11:01:41 Debug: Notice (8): Undefined index:  phone in [E:\Projects\PHP\aodshop\app\views\users\lv1_list_user.ctp, line 43]
2014-11-14 11:01:41 Debug: Notice (8): Undefined index:  company_name in [E:\Projects\PHP\aodshop\app\views\users\lv1_list_user.ctp, line 44]
2014-11-14 11:01:41 Debug: Notice (8): Undefined index:  company_addr in [E:\Projects\PHP\aodshop\app\views\users\lv1_list_user.ctp, line 45]
2014-11-14 11:01:41 Debug: Notice (8): Undefined index:  UserCat in [E:\Projects\PHP\aodshop\app\views\users\lv1_list_user.ctp, line 47]
2014-11-14 11:01:41 Debug: Notice (8): Undefined index:  Group in [E:\Projects\PHP\aodshop\app\views\users\lv1_list_user.ctp, line 50]
2014-11-14 11:01:41 Debug: Notice (8): Undefined index:  Level in [E:\Projects\PHP\aodshop\app\views\users\lv1_list_user.ctp, line 53]
2014-11-14 11:01:41 Debug: Notice (8): Undefined index:  deadline in [E:\Projects\PHP\aodshop\app\views\users\lv1_list_user.ctp, line 55]
2014-11-14 11:01:41 Debug: Notice (8): Undefined index:  is_pass in [E:\Projects\PHP\aodshop\app\views\users\lv1_list_user.ctp, line 56]
2014-11-14 11:01:41 Debug: Notice (8): Undefined index:  pass_time in [E:\Projects\PHP\aodshop\app\views\users\lv1_list_user.ctp, line 57]
2014-11-14 11:01:41 Debug: Notice (8): Undefined index:  modified in [E:\Projects\PHP\aodshop\app\views\users\lv1_list_user.ctp, line 59]
2014-11-14 11:02:49 Debug: Notice (8): Undefined index:  password in [E:\Projects\PHP\aodshop\app\views\users\lv1_list_user.ctp, line 36]
2014-11-14 11:02:49 Debug: Notice (8): Undefined index:  District in [E:\Projects\PHP\aodshop\app\views\users\lv1_list_user.ctp, line 38]
2014-11-14 11:02:49 Debug: Notice (8): Undefined index:  avatar in [E:\Projects\PHP\aodshop\app\views\users\lv1_list_user.ctp, line 40]
2014-11-14 11:02:49 Debug: Notice (8): Undefined index:  realname in [E:\Projects\PHP\aodshop\app\views\users\lv1_list_user.ctp, line 41]
2014-11-14 11:02:49 Debug: Notice (8): Undefined index:  email in [E:\Projects\PHP\aodshop\app\views\users\lv1_list_user.ctp, line 42]
2014-11-14 11:02:49 Debug: Notice (8): Undefined index:  phone in [E:\Projects\PHP\aodshop\app\views\users\lv1_list_user.ctp, line 43]
2014-11-14 11:02:49 Debug: Notice (8): Undefined index:  company_name in [E:\Projects\PHP\aodshop\app\views\users\lv1_list_user.ctp, line 44]
2014-11-14 11:02:49 Debug: Notice (8): Undefined index:  company_addr in [E:\Projects\PHP\aodshop\app\views\users\lv1_list_user.ctp, line 45]
2014-11-14 11:02:49 Debug: Notice (8): Undefined index:  UserCat in [E:\Projects\PHP\aodshop\app\views\users\lv1_list_user.ctp, line 47]
2014-11-14 11:02:49 Debug: Notice (8): Undefined index:  Group in [E:\Projects\PHP\aodshop\app\views\users\lv1_list_user.ctp, line 50]
2014-11-14 11:02:49 Debug: Notice (8): Undefined index:  Level in [E:\Projects\PHP\aodshop\app\views\users\lv1_list_user.ctp, line 53]
2014-11-14 11:02:49 Debug: Notice (8): Undefined index:  deadline in [E:\Projects\PHP\aodshop\app\views\users\lv1_list_user.ctp, line 55]
2014-11-14 11:02:49 Debug: Notice (8): Undefined index:  is_pass in [E:\Projects\PHP\aodshop\app\views\users\lv1_list_user.ctp, line 56]
2014-11-14 11:02:49 Debug: Notice (8): Undefined index:  pass_time in [E:\Projects\PHP\aodshop\app\views\users\lv1_list_user.ctp, line 57]
2014-11-14 11:02:49 Debug: Notice (8): Undefined index:  modified in [E:\Projects\PHP\aodshop\app\views\users\lv1_list_user.ctp, line 59]
2014-11-14 11:03:11 Debug: Notice (8): Undefined index:  password in [E:\Projects\PHP\aodshop\app\views\users\lv1_list_user.ctp, line 36]
2014-11-14 11:03:11 Debug: Notice (8): Undefined index:  District in [E:\Projects\PHP\aodshop\app\views\users\lv1_list_user.ctp, line 38]
2014-11-14 11:03:11 Debug: Notice (8): Undefined index:  realname in [E:\Projects\PHP\aodshop\app\views\users\lv1_list_user.ctp, line 41]
2014-11-14 11:03:11 Debug: Notice (8): Undefined index:  email in [E:\Projects\PHP\aodshop\app\views\users\lv1_list_user.ctp, line 42]
2014-11-14 11:03:11 Debug: Notice (8): Undefined index:  phone in [E:\Projects\PHP\aodshop\app\views\users\lv1_list_user.ctp, line 43]
2014-11-14 11:03:11 Debug: Notice (8): Undefined index:  company_name in [E:\Projects\PHP\aodshop\app\views\users\lv1_list_user.ctp, line 44]
2014-11-14 11:03:11 Debug: Notice (8): Undefined index:  company_addr in [E:\Projects\PHP\aodshop\app\views\users\lv1_list_user.ctp, line 45]
2014-11-14 11:03:11 Debug: Notice (8): Undefined index:  UserCat in [E:\Projects\PHP\aodshop\app\views\users\lv1_list_user.ctp, line 47]
2014-11-14 11:03:11 Debug: Notice (8): Undefined index:  Group in [E:\Projects\PHP\aodshop\app\views\users\lv1_list_user.ctp, line 50]
2014-11-14 11:03:11 Debug: Notice (8): Undefined index:  Level in [E:\Projects\PHP\aodshop\app\views\users\lv1_list_user.ctp, line 53]
2014-11-14 11:03:11 Debug: Notice (8): Undefined index:  deadline in [E:\Projects\PHP\aodshop\app\views\users\lv1_list_user.ctp, line 55]
2014-11-14 11:03:11 Debug: Notice (8): Undefined index:  is_pass in [E:\Projects\PHP\aodshop\app\views\users\lv1_list_user.ctp, line 56]
2014-11-14 11:03:11 Debug: Notice (8): Undefined index:  pass_time in [E:\Projects\PHP\aodshop\app\views\users\lv1_list_user.ctp, line 57]
2014-11-14 11:03:12 Debug: Notice (8): Undefined index:  modified in [E:\Projects\PHP\aodshop\app\views\users\lv1_list_user.ctp, line 59]
2014-11-14 11:03:59 Debug: Notice (8): Undefined index:  password in [E:\Projects\PHP\aodshop\app\views\users\lv1_list_user.ctp, line 36]
2014-11-14 11:03:59 Debug: Notice (8): Undefined index:  District in [E:\Projects\PHP\aodshop\app\views\users\lv1_list_user.ctp, line 38]
2014-11-14 11:03:59 Debug: Notice (8): Undefined index:  email in [E:\Projects\PHP\aodshop\app\views\users\lv1_list_user.ctp, line 42]
2014-11-14 11:03:59 Debug: Notice (8): Undefined index:  phone in [E:\Projects\PHP\aodshop\app\views\users\lv1_list_user.ctp, line 43]
2014-11-14 11:03:59 Debug: Notice (8): Undefined index:  company_name in [E:\Projects\PHP\aodshop\app\views\users\lv1_list_user.ctp, line 44]
2014-11-14 11:03:59 Debug: Notice (8): Undefined index:  company_addr in [E:\Projects\PHP\aodshop\app\views\users\lv1_list_user.ctp, line 45]
2014-11-14 11:03:59 Debug: Notice (8): Undefined index:  UserCat in [E:\Projects\PHP\aodshop\app\views\users\lv1_list_user.ctp, line 47]
2014-11-14 11:03:59 Debug: Notice (8): Undefined index:  Group in [E:\Projects\PHP\aodshop\app\views\users\lv1_list_user.ctp, line 50]
2014-11-14 11:03:59 Debug: Notice (8): Undefined index:  Level in [E:\Projects\PHP\aodshop\app\views\users\lv1_list_user.ctp, line 53]
2014-11-14 11:03:59 Debug: Notice (8): Undefined index:  deadline in [E:\Projects\PHP\aodshop\app\views\users\lv1_list_user.ctp, line 55]
2014-11-14 11:03:59 Debug: Notice (8): Undefined index:  is_pass in [E:\Projects\PHP\aodshop\app\views\users\lv1_list_user.ctp, line 56]
2014-11-14 11:03:59 Debug: Notice (8): Undefined index:  pass_time in [E:\Projects\PHP\aodshop\app\views\users\lv1_list_user.ctp, line 57]
2014-11-14 11:03:59 Debug: Notice (8): Undefined index:  modified in [E:\Projects\PHP\aodshop\app\views\users\lv1_list_user.ctp, line 59]
2014-11-14 11:04:10 Debug: Notice (8): Undefined index:  password in [E:\Projects\PHP\aodshop\app\views\users\lv1_list_user.ctp, line 36]
2014-11-14 11:04:10 Debug: Notice (8): Undefined index:  District in [E:\Projects\PHP\aodshop\app\views\users\lv1_list_user.ctp, line 38]
2014-11-14 11:04:10 Debug: Notice (8): Undefined index:  phone in [E:\Projects\PHP\aodshop\app\views\users\lv1_list_user.ctp, line 43]
2014-11-14 11:04:10 Debug: Notice (8): Undefined index:  company_name in [E:\Projects\PHP\aodshop\app\views\users\lv1_list_user.ctp, line 44]
2014-11-14 11:04:10 Debug: Notice (8): Undefined index:  company_addr in [E:\Projects\PHP\aodshop\app\views\users\lv1_list_user.ctp, line 45]
2014-11-14 11:04:10 Debug: Notice (8): Undefined index:  UserCat in [E:\Projects\PHP\aodshop\app\views\users\lv1_list_user.ctp, line 47]
2014-11-14 11:04:10 Debug: Notice (8): Undefined index:  Group in [E:\Projects\PHP\aodshop\app\views\users\lv1_list_user.ctp, line 50]
2014-11-14 11:04:10 Debug: Notice (8): Undefined index:  Level in [E:\Projects\PHP\aodshop\app\views\users\lv1_list_user.ctp, line 53]
2014-11-14 11:04:10 Debug: Notice (8): Undefined index:  deadline in [E:\Projects\PHP\aodshop\app\views\users\lv1_list_user.ctp, line 55]
2014-11-14 11:04:10 Debug: Notice (8): Undefined index:  is_pass in [E:\Projects\PHP\aodshop\app\views\users\lv1_list_user.ctp, line 56]
2014-11-14 11:04:10 Debug: Notice (8): Undefined index:  pass_time in [E:\Projects\PHP\aodshop\app\views\users\lv1_list_user.ctp, line 57]
2014-11-14 11:04:10 Debug: Notice (8): Undefined index:  modified in [E:\Projects\PHP\aodshop\app\views\users\lv1_list_user.ctp, line 59]
2014-11-14 11:04:38 Debug: Notice (8): Undefined index:  password in [E:\Projects\PHP\aodshop\app\views\users\lv1_list_user.ctp, line 36]
2014-11-14 11:04:38 Debug: Notice (8): Undefined index:  District in [E:\Projects\PHP\aodshop\app\views\users\lv1_list_user.ctp, line 38]
2014-11-14 11:04:38 Debug: Notice (8): Undefined index:  company_addr in [E:\Projects\PHP\aodshop\app\views\users\lv1_list_user.ctp, line 45]
2014-11-14 11:04:38 Debug: Notice (8): Undefined index:  UserCat in [E:\Projects\PHP\aodshop\app\views\users\lv1_list_user.ctp, line 47]
2014-11-14 11:04:38 Debug: Notice (8): Undefined index:  Group in [E:\Projects\PHP\aodshop\app\views\users\lv1_list_user.ctp, line 50]
2014-11-14 11:04:38 Debug: Notice (8): Undefined index:  Level in [E:\Projects\PHP\aodshop\app\views\users\lv1_list_user.ctp, line 53]
2014-11-14 11:04:38 Debug: Notice (8): Undefined index:  deadline in [E:\Projects\PHP\aodshop\app\views\users\lv1_list_user.ctp, line 55]
2014-11-14 11:04:38 Debug: Notice (8): Undefined index:  is_pass in [E:\Projects\PHP\aodshop\app\views\users\lv1_list_user.ctp, line 56]
2014-11-14 11:04:38 Debug: Notice (8): Undefined index:  pass_time in [E:\Projects\PHP\aodshop\app\views\users\lv1_list_user.ctp, line 57]
2014-11-14 11:04:38 Debug: Notice (8): Undefined index:  modified in [E:\Projects\PHP\aodshop\app\views\users\lv1_list_user.ctp, line 59]
2014-11-14 11:04:49 Debug: Notice (8): Undefined index:  password in [E:\Projects\PHP\aodshop\app\views\users\lv1_list_user.ctp, line 36]
2014-11-14 11:04:49 Debug: Notice (8): Undefined index:  District in [E:\Projects\PHP\aodshop\app\views\users\lv1_list_user.ctp, line 38]
2014-11-14 11:04:49 Debug: Notice (8): Undefined index:  UserCat in [E:\Projects\PHP\aodshop\app\views\users\lv1_list_user.ctp, line 47]
2014-11-14 11:04:49 Debug: Notice (8): Undefined index:  Group in [E:\Projects\PHP\aodshop\app\views\users\lv1_list_user.ctp, line 50]
2014-11-14 11:04:49 Debug: Notice (8): Undefined index:  Level in [E:\Projects\PHP\aodshop\app\views\users\lv1_list_user.ctp, line 53]
2014-11-14 11:04:49 Debug: Notice (8): Undefined index:  deadline in [E:\Projects\PHP\aodshop\app\views\users\lv1_list_user.ctp, line 55]
2014-11-14 11:04:49 Debug: Notice (8): Undefined index:  is_pass in [E:\Projects\PHP\aodshop\app\views\users\lv1_list_user.ctp, line 56]
2014-11-14 11:04:49 Debug: Notice (8): Undefined index:  pass_time in [E:\Projects\PHP\aodshop\app\views\users\lv1_list_user.ctp, line 57]
2014-11-14 11:04:49 Debug: Notice (8): Undefined index:  created in [E:\Projects\PHP\aodshop\app\views\users\lv1_list_user.ctp, line 58]
2014-11-14 11:04:49 Debug: Notice (8): Undefined index:  modified in [E:\Projects\PHP\aodshop\app\views\users\lv1_list_user.ctp, line 59]
2014-11-14 11:05:08 Debug: Notice (8): Undefined index:  password in [E:\Projects\PHP\aodshop\app\views\users\lv1_list_user.ctp, line 36]
2014-11-14 11:05:08 Debug: Notice (8): Undefined index:  District in [E:\Projects\PHP\aodshop\app\views\users\lv1_list_user.ctp, line 38]
2014-11-14 11:05:08 Debug: Notice (8): Undefined index:  UserCat in [E:\Projects\PHP\aodshop\app\views\users\lv1_list_user.ctp, line 47]
2014-11-14 11:05:08 Debug: Notice (8): Undefined index:  Group in [E:\Projects\PHP\aodshop\app\views\users\lv1_list_user.ctp, line 50]
2014-11-14 11:05:08 Debug: Notice (8): Undefined index:  Level in [E:\Projects\PHP\aodshop\app\views\users\lv1_list_user.ctp, line 53]
2014-11-14 11:05:08 Debug: Notice (8): Undefined index:  deadline in [E:\Projects\PHP\aodshop\app\views\users\lv1_list_user.ctp, line 55]
2014-11-14 11:05:08 Debug: Notice (8): Undefined index:  is_pass in [E:\Projects\PHP\aodshop\app\views\users\lv1_list_user.ctp, line 56]
2014-11-14 11:05:08 Debug: Notice (8): Undefined index:  pass_time in [E:\Projects\PHP\aodshop\app\views\users\lv1_list_user.ctp, line 57]
2014-11-14 11:05:08 Debug: Notice (8): Undefined index:  created in [E:\Projects\PHP\aodshop\app\views\users\lv1_list_user.ctp, line 58]
2014-11-14 11:05:08 Debug: Notice (8): Undefined index:  modified in [E:\Projects\PHP\aodshop\app\views\users\lv1_list_user.ctp, line 59]
2014-11-14 11:05:09 Debug: Notice (8): Undefined index:  password in [E:\Projects\PHP\aodshop\app\views\users\lv1_list_user.ctp, line 36]
2014-11-14 11:05:09 Debug: Notice (8): Undefined index:  District in [E:\Projects\PHP\aodshop\app\views\users\lv1_list_user.ctp, line 38]
2014-11-14 11:05:09 Debug: Notice (8): Undefined index:  UserCat in [E:\Projects\PHP\aodshop\app\views\users\lv1_list_user.ctp, line 47]
2014-11-14 11:05:09 Debug: Notice (8): Undefined index:  Group in [E:\Projects\PHP\aodshop\app\views\users\lv1_list_user.ctp, line 50]
2014-11-14 11:05:09 Debug: Notice (8): Undefined index:  Level in [E:\Projects\PHP\aodshop\app\views\users\lv1_list_user.ctp, line 53]
2014-11-14 11:05:09 Debug: Notice (8): Undefined index:  deadline in [E:\Projects\PHP\aodshop\app\views\users\lv1_list_user.ctp, line 55]
2014-11-14 11:05:09 Debug: Notice (8): Undefined index:  is_pass in [E:\Projects\PHP\aodshop\app\views\users\lv1_list_user.ctp, line 56]
2014-11-14 11:05:09 Debug: Notice (8): Undefined index:  pass_time in [E:\Projects\PHP\aodshop\app\views\users\lv1_list_user.ctp, line 57]
2014-11-14 11:05:09 Debug: Notice (8): Undefined index:  created in [E:\Projects\PHP\aodshop\app\views\users\lv1_list_user.ctp, line 58]
2014-11-14 11:05:09 Debug: Notice (8): Undefined index:  modified in [E:\Projects\PHP\aodshop\app\views\users\lv1_list_user.ctp, line 59]
2014-11-14 11:05:27 Debug: Notice (8): Undefined index:  password in [E:\Projects\PHP\aodshop\app\views\users\lv1_list_user.ctp, line 36]
2014-11-14 11:05:27 Debug: Notice (8): Undefined index:  District in [E:\Projects\PHP\aodshop\app\views\users\lv1_list_user.ctp, line 38]
2014-11-14 11:05:27 Debug: Notice (8): Undefined index:  UserCat in [E:\Projects\PHP\aodshop\app\views\users\lv1_list_user.ctp, line 47]
2014-11-14 11:05:27 Debug: Notice (8): Undefined index:  Group in [E:\Projects\PHP\aodshop\app\views\users\lv1_list_user.ctp, line 50]
2014-11-14 11:05:27 Debug: Notice (8): Undefined index:  Level in [E:\Projects\PHP\aodshop\app\views\users\lv1_list_user.ctp, line 53]
2014-11-14 11:05:27 Debug: Notice (8): Undefined index:  deadline in [E:\Projects\PHP\aodshop\app\views\users\lv1_list_user.ctp, line 55]
2014-11-14 11:05:27 Debug: Notice (8): Undefined index:  is_pass in [E:\Projects\PHP\aodshop\app\views\users\lv1_list_user.ctp, line 56]
2014-11-14 11:05:27 Debug: Notice (8): Undefined index:  pass_time in [E:\Projects\PHP\aodshop\app\views\users\lv1_list_user.ctp, line 57]
2014-11-14 11:05:27 Debug: Notice (8): Undefined index:  created in [E:\Projects\PHP\aodshop\app\views\users\lv1_list_user.ctp, line 58]
2014-11-14 11:05:27 Debug: Notice (8): Undefined index:  modified in [E:\Projects\PHP\aodshop\app\views\users\lv1_list_user.ctp, line 59]
2014-11-14 11:05:58 Debug: Notice (8): Undefined index:  password in [E:\Projects\PHP\aodshop\app\views\users\lv1_list_user.ctp, line 36]
2014-11-14 11:05:58 Debug: Notice (8): Undefined index:  District in [E:\Projects\PHP\aodshop\app\views\users\lv1_list_user.ctp, line 38]
2014-11-14 11:05:58 Debug: Notice (8): Undefined index:  UserCat in [E:\Projects\PHP\aodshop\app\views\users\lv1_list_user.ctp, line 47]
2014-11-14 11:05:58 Debug: Notice (8): Undefined index:  Group in [E:\Projects\PHP\aodshop\app\views\users\lv1_list_user.ctp, line 50]
2014-11-14 11:05:58 Debug: Notice (8): Undefined index:  Level in [E:\Projects\PHP\aodshop\app\views\users\lv1_list_user.ctp, line 53]
2014-11-14 11:05:58 Debug: Notice (8): Undefined index:  is_pass in [E:\Projects\PHP\aodshop\app\views\users\lv1_list_user.ctp, line 56]
2014-11-14 11:05:58 Debug: Notice (8): Undefined index:  pass_time in [E:\Projects\PHP\aodshop\app\views\users\lv1_list_user.ctp, line 57]
2014-11-14 11:05:58 Debug: Notice (8): Undefined index:  created in [E:\Projects\PHP\aodshop\app\views\users\lv1_list_user.ctp, line 58]
2014-11-14 11:05:58 Debug: Notice (8): Undefined index:  modified in [E:\Projects\PHP\aodshop\app\views\users\lv1_list_user.ctp, line 59]
2014-11-14 11:06:31 Debug: Notice (8): Undefined index:  password in [E:\Projects\PHP\aodshop\app\views\users\lv1_list_user.ctp, line 36]
2014-11-14 11:06:31 Debug: Notice (8): Undefined index:  District in [E:\Projects\PHP\aodshop\app\views\users\lv1_list_user.ctp, line 38]
2014-11-14 11:06:31 Debug: Notice (8): Undefined index:  UserCat in [E:\Projects\PHP\aodshop\app\views\users\lv1_list_user.ctp, line 47]
2014-11-14 11:06:31 Debug: Notice (8): Undefined index:  Group in [E:\Projects\PHP\aodshop\app\views\users\lv1_list_user.ctp, line 50]
2014-11-14 11:06:31 Debug: Notice (8): Undefined index:  Level in [E:\Projects\PHP\aodshop\app\views\users\lv1_list_user.ctp, line 53]
2014-11-14 11:06:31 Debug: Notice (8): Undefined index:  created in [E:\Projects\PHP\aodshop\app\views\users\lv1_list_user.ctp, line 58]
2014-11-14 11:06:31 Debug: Notice (8): Undefined index:  modified in [E:\Projects\PHP\aodshop\app\views\users\lv1_list_user.ctp, line 59]
2014-11-14 11:06:48 Debug: Notice (8): Undefined index:  password in [E:\Projects\PHP\aodshop\app\views\users\lv1_list_user.ctp, line 33]
2014-11-14 11:06:48 Debug: Notice (8): Undefined index:  District in [E:\Projects\PHP\aodshop\app\views\users\lv1_list_user.ctp, line 35]
2014-11-14 11:06:48 Debug: Notice (8): Undefined index:  UserCat in [E:\Projects\PHP\aodshop\app\views\users\lv1_list_user.ctp, line 44]
2014-11-14 11:06:48 Debug: Notice (8): Undefined index:  Group in [E:\Projects\PHP\aodshop\app\views\users\lv1_list_user.ctp, line 47]
2014-11-14 11:06:48 Debug: Notice (8): Undefined index:  Level in [E:\Projects\PHP\aodshop\app\views\users\lv1_list_user.ctp, line 50]
2014-11-14 11:06:48 Debug: Notice (8): Undefined index:  created in [E:\Projects\PHP\aodshop\app\views\users\lv1_list_user.ctp, line 55]
2014-11-14 11:06:48 Debug: Notice (8): Undefined index:  modified in [E:\Projects\PHP\aodshop\app\views\users\lv1_list_user.ctp, line 56]
2014-11-14 11:08:17 Debug: Notice (8): Undefined index:  password in [E:\Projects\PHP\aodshop\app\views\users\lv1_list_user.ctp, line 33]
2014-11-14 11:08:17 Debug: Notice (8): Undefined index:  UserCat in [E:\Projects\PHP\aodshop\app\views\users\lv1_list_user.ctp, line 44]
2014-11-14 11:08:17 Debug: Notice (8): Undefined index:  Group in [E:\Projects\PHP\aodshop\app\views\users\lv1_list_user.ctp, line 47]
2014-11-14 11:08:17 Debug: Notice (8): Undefined index:  Level in [E:\Projects\PHP\aodshop\app\views\users\lv1_list_user.ctp, line 50]
2014-11-14 11:08:17 Debug: Notice (8): Undefined index:  created in [E:\Projects\PHP\aodshop\app\views\users\lv1_list_user.ctp, line 55]
2014-11-14 11:08:17 Debug: Notice (8): Undefined index:  modified in [E:\Projects\PHP\aodshop\app\views\users\lv1_list_user.ctp, line 56]
2014-11-14 11:09:24 Debug: Notice (8): Undefined index:  UserCat in [E:\Projects\PHP\aodshop\app\views\users\lv1_list_user.ctp, line 43]
2014-11-14 11:09:24 Debug: Notice (8): Undefined index:  Group in [E:\Projects\PHP\aodshop\app\views\users\lv1_list_user.ctp, line 46]
2014-11-14 11:09:24 Debug: Notice (8): Undefined index:  Level in [E:\Projects\PHP\aodshop\app\views\users\lv1_list_user.ctp, line 49]
2014-11-14 11:10:04 Debug: Notice (8): Undefined index:  Group in [E:\Projects\PHP\aodshop\app\views\users\lv1_list_user.ctp, line 46]
2014-11-14 11:10:04 Debug: Notice (8): Undefined index:  Level in [E:\Projects\PHP\aodshop\app\views\users\lv1_list_user.ctp, line 49]
2014-11-14 23:43:13 Debug: Notice (8): Undefined index:  pass_time in [F:\Projects\PHP\aodshop\app\controllers\users_controller.php, line 145]
2014-11-14 23:44:12 Debug: Notice (8): Undefined index:  pass_time in [F:\Projects\PHP\aodshop\app\controllers\users_controller.php, line 145]
2014-11-14 23:44:19 Debug: Notice (8): Undefined index:  pass_time in [F:\Projects\PHP\aodshop\app\controllers\users_controller.php, line 145]
2014-11-15 14:18:53 Debug: Notice (8): Undefined index:  product_limit in [E:\Projects\PHP\aodshop\app\views\levels\index.ctp, line 34]
2014-11-15 14:19:26 Debug: Notice (8): Undefined index:  product_limit in [E:\Projects\PHP\aodshop\app\views\levels\index.ctp, line 34]
2014-11-15 14:19:46 Debug: Notice (8): Undefined index:  product_limit in [E:\Projects\PHP\aodshop\app\views\levels\index.ctp, line 34]
2014-11-16 00:32:32 Debug: Notice (8): Undefined index:  name in [E:\Projects\PHP\aodshop\app\views\products\index.ctp, line 42]
2014-11-18 14:22:51 Debug: Notice (8): Use of undefined constant php - assumed 'php' in [E:\Projects\PHP\aodshop\app\views\information_categories\index.ctp, line 27]
2014-11-18 17:51:51 Debug: Notice (8): Undefined property: ProductsController::$Level in [E:\Projects\PHP\aodshop\app\controllers\products_controller.php, line 72]
2014-11-18 17:52:08 Debug: Notice (8): Undefined property: ProductsController::$User in [E:\Projects\PHP\aodshop\app\controllers\products_controller.php, line 72]
2014-11-18 17:56:10 Debug: Notice (8): Undefined property: ProductsController::$Level in [E:\Projects\PHP\aodshop\app\controllers\products_controller.php, line 74]
2014-11-18 17:56:27 Debug: Notice (8): Undefined property: ProductsController::$Level in [E:\Projects\PHP\aodshop\app\controllers\products_controller.php, line 74]
2014-11-18 17:56:36 Debug: Notice (8): Undefined property: ProductsController::$Level in [E:\Projects\PHP\aodshop\app\controllers\products_controller.php, line 74]
2014-11-18 17:56:51 Debug: Notice (8): Array to string conversion in [E:\Projects\PHP\aodshop\cake\basics.php, line 257]
2014-11-18 17:56:51 Debug: Notice (8): Array to string conversion in [E:\Projects\PHP\aodshop\cake\libs\inflector.php, line 521]
2014-11-18 21:33:57 Debug: Notice (8): Undefined property: View::$Paginator in [E:\Projects\PHP\aodshop\app\views\products\bussiness_list_product.ctp, line 5]
2014-11-18 21:34:20 Debug: Notice (8): Undefined property: View::$Paginator in [E:\Projects\PHP\aodshop\app\views\products\bussiness_list_product.ctp, line 5]
2014-11-18 21:47:01 Debug: Notice (8): Undefined variable: product in [E:\Projects\PHP\aodshop\app\views\products\bussiness_list_product.ctp, line 4]
2014-11-19 01:37:56 Debug: Notice (8): Uninitialized string offset: 0 in [E:\Projects\PHP\aodshop\app\controllers\components\filehandle.php, line 4]
2014-11-19 01:37:56 Debug: Notice (8): Uninitialized string offset: 0 in [E:\Projects\PHP\aodshop\app\controllers\components\filehandle.php, line 7]
2014-11-20 00:33:01 Debug: Notice (8): Undefined index:  dead_line in [E:\Projects\PHP\aodshop\app\controllers\grouppurchase_products_controller.php, line 88]
2014-11-20 00:33:02 Debug: Notice (8): Undefined index:  dead_line in [E:\Projects\PHP\aodshop\app\controllers\grouppurchase_products_controller.php, line 88]
2014-11-20 00:33:42 Debug: Notice (8): Undefined index:  deadline in [E:\Projects\PHP\aodshop\app\controllers\grouppurchase_products_controller.php, line 88]
2014-11-20 00:33:43 Debug: Notice (8): Undefined index:  deadline in [E:\Projects\PHP\aodshop\app\controllers\grouppurchase_products_controller.php, line 88]
2014-11-20 00:33:48 Debug: Notice (8): Undefined index:  dead_line in [E:\Projects\PHP\aodshop\app\controllers\grouppurchase_products_controller.php, line 88]
2014-11-20 00:33:48 Debug: Notice (8): Undefined index:  dead_line in [E:\Projects\PHP\aodshop\app\controllers\grouppurchase_products_controller.php, line 88]
2014-11-20 00:54:56 Debug: Notice (8): Undefined property: GrouppurchaseProductsController::$Filehandle in [E:\Projects\PHP\aodshop\app\controllers\grouppurchase_products_controller.php, line 106]
