2014-10-23 16:10:05 Warning: Warning (512): <span style="color:Red;text-align:left"><b>SQL Error:</b> 1054: Unknown column 'City.name' in 'field list'</span> in [E:\Projects\PHP\aodshop\cake\libs\model\datasources\dbo_source.php, line 684]
2014-10-23 16:10:14 Warning: Warning (512): <span style="color:Red;text-align:left"><b>SQL Error:</b> 1054: Unknown column 'City.name' in 'field list'</span> in [E:\Projects\PHP\aodshop\cake\libs\model\datasources\dbo_source.php, line 684]
2014-10-23 16:29:51 Warning: Warning (512): Model "Province" is not associated with model "District" in [E:\Projects\PHP\aodshop\cake\libs\model\behaviors\containable.php, line 353]
2014-10-23 16:30:16 Warning: Warning (512): Model "Province" is not associated with model "District" in [E:\Projects\PHP\aodshop\cake\libs\model\behaviors\containable.php, line 353]
2014-10-23 16:33:06 Warning: Warning (512): <span style="color:Red;text-align:left"><b>SQL Error:</b> 1064: You have an error in your SQL syntax; check the manual that corresponds to your MySQL server version for the right syntax to use near 'contain' at line 1</span> in [E:\Projects\PHP\aodshop\cake\libs\model\datasources\dbo_source.php, line 684]
2014-10-24 00:42:57 Warning: Warning (512): <span style="color:Red;text-align:left"><b>SQL Error:</b> 1052: Column 'is_show' in where clause is ambiguous</span> in [E:\Projects\PHP\aodshop\cake\libs\model\datasources\dbo_source.php, line 684]
2014-10-24 00:43:16 Warning: Warning (512): <span style="color:Red;text-align:left"><b>SQL Error:</b> 1052: Column 'is_show' in where clause is ambiguous</span> in [E:\Projects\PHP\aodshop\cake\libs\model\datasources\dbo_source.php, line 684]
2014-10-24 00:43:21 Warning: Warning (512): <span style="color:Red;text-align:left"><b>SQL Error:</b> 1052: Column 'is_show' in where clause is ambiguous</span> in [E:\Projects\PHP\aodshop\cake\libs\model\datasources\dbo_source.php, line 684]
2014-10-24 00:44:17 Warning: Warning (512): <span style="color:Red;text-align:left"><b>SQL Error:</b> 1052: Column 'is_show' in where clause is ambiguous</span> in [E:\Projects\PHP\aodshop\cake\libs\model\datasources\dbo_source.php, line 684]
2014-10-24 00:44:28 Warning: Warning (512): <span style="color:Red;text-align:left"><b>SQL Error:</b> 1052: Column 'is_show' in where clause is ambiguous</span> in [E:\Projects\PHP\aodshop\cake\libs\model\datasources\dbo_source.php, line 684]
2014-10-24 00:44:39 Warning: Warning (512): <span style="color:Red;text-align:left"><b>SQL Error:</b> 1052: Column 'is_show' in where clause is ambiguous</span> in [E:\Projects\PHP\aodshop\cake\libs\model\datasources\dbo_source.php, line 684]
2014-10-24 14:11:38 Warning: Warning (2): preg_match() expects parameter 2 to be string, array given in [E:\Projects\PHP\aodshop\cake\libs\model\datasources\dbo_source.php, line 2020]
2014-10-24 14:11:38 Warning: Warning (2): preg_match() expects parameter 2 to be string, array given in [E:\Projects\PHP\aodshop\cake\libs\model\datasources\dbo_source.php, line 2022]
2014-10-24 14:11:38 Warning: Warning (512): <span style="color:Red;text-align:left"><b>SQL Error:</b> 1064: You have an error in your SQL syntax; check the manual that corresponds to your MySQL server version for the right syntax to use near 'All    LIMIT 1' at line 1</span> in [E:\Projects\PHP\aodshop\cake\libs\model\datasources\dbo_source.php, line 684]
2014-10-24 14:11:51 Warning: Warning (2): preg_match() expects parameter 2 to be string, array given in [E:\Projects\PHP\aodshop\cake\libs\model\datasources\dbo_source.php, line 2020]
2014-10-24 14:11:51 Warning: Warning (2): preg_match() expects parameter 2 to be string, array given in [E:\Projects\PHP\aodshop\cake\libs\model\datasources\dbo_source.php, line 2022]
2014-10-24 14:11:51 Warning: Warning (512): <span style="color:Red;text-align:left"><b>SQL Error:</b> 1064: You have an error in your SQL syntax; check the manual that corresponds to your MySQL server version for the right syntax to use near 'All    LIMIT 1' at line 1</span> in [E:\Projects\PHP\aodshop\cake\libs\model\datasources\dbo_source.php, line 684]
2014-10-24 14:12:02 Warning: Warning (2): preg_match() expects parameter 2 to be string, array given in [E:\Projects\PHP\aodshop\cake\libs\model\datasources\dbo_source.php, line 2020]
2014-10-24 14:12:02 Warning: Warning (2): preg_match() expects parameter 2 to be string, array given in [E:\Projects\PHP\aodshop\cake\libs\model\datasources\dbo_source.php, line 2022]
2014-10-24 14:12:02 Warning: Warning (512): <span style="color:Red;text-align:left"><b>SQL Error:</b> 1064: You have an error in your SQL syntax; check the manual that corresponds to your MySQL server version for the right syntax to use near 'All    LIMIT 1' at line 1</span> in [E:\Projects\PHP\aodshop\cake\libs\model\datasources\dbo_source.php, line 684]
2014-10-24 14:12:34 Warning: Warning (512): <span style="color:Red;text-align:left"><b>SQL Error:</b> 1064: You have an error in your SQL syntax; check the manual that corresponds to your MySQL server version for the right syntax to use near 'All    LIMIT 1' at line 1</span> in [E:\Projects\PHP\aodshop\cake\libs\model\datasources\dbo_source.php, line 684]
2014-10-24 14:12:50 Warning: Warning (2): preg_match() expects parameter 2 to be string, array given in [E:\Projects\PHP\aodshop\cake\libs\model\datasources\dbo_source.php, line 2020]
2014-10-24 14:12:50 Warning: Warning (2): preg_match() expects parameter 2 to be string, array given in [E:\Projects\PHP\aodshop\cake\libs\model\datasources\dbo_source.php, line 2022]
2014-10-24 14:12:50 Warning: Warning (512): <span style="color:Red;text-align:left"><b>SQL Error:</b> 1064: You have an error in your SQL syntax; check the manual that corresponds to your MySQL server version for the right syntax to use near 'All    LIMIT 1' at line 1</span> in [E:\Projects\PHP\aodshop\cake\libs\model\datasources\dbo_source.php, line 684]
2014-10-24 15:37:15 Warning: Warning (512): <span style="color:Red;text-align:left"><b>SQL Error:</b> 1054: Unknown column 'Array' in 'where clause'</span> in [E:\Projects\PHP\aodshop\cake\libs\model\datasources\dbo_source.php, line 684]
2014-10-24 15:37:15 Warning: Warning (512): <span style="color:Red;text-align:left"><b>SQL Error:</b> 1054: Unknown column 'Array' in 'where clause'</span> in [E:\Projects\PHP\aodshop\cake\libs\model\datasources\dbo_source.php, line 684]
2014-10-24 15:38:52 Warning: Warning (512): <span style="color:Red;text-align:left"><b>SQL Error:</b> 1054: Unknown column 'Array' in 'where clause'</span> in [E:\Projects\PHP\aodshop\cake\libs\model\datasources\dbo_source.php, line 684]
2014-10-24 15:38:57 Warning: Warning (512): <span style="color:Red;text-align:left"><b>SQL Error:</b> 1054: Unknown column 'Array' in 'where clause'</span> in [E:\Projects\PHP\aodshop\cake\libs\model\datasources\dbo_source.php, line 684]
2014-10-24 15:39:17 Warning: Warning (512): <span style="color:Red;text-align:left"><b>SQL Error:</b> 1054: Unknown column 'Array' in 'where clause'</span> in [E:\Projects\PHP\aodshop\cake\libs\model\datasources\dbo_source.php, line 684]
2014-10-24 15:40:09 Warning: Warning (512): <span style="color:Red;text-align:left"><b>SQL Error:</b> 1054: Unknown column 'Array' in 'where clause'</span> in [E:\Projects\PHP\aodshop\cake\libs\model\datasources\dbo_source.php, line 684]
2014-10-25 12:59:33 Warning: Warning (2): preg_match() [<a href='http://php.net/function.preg-match'>function.preg-match</a>]: Empty regular expression in [F:\Projects\PHP\aodshop\app\controllers\api_controller.php, line 160]
2014-10-25 13:00:26 Warning: Warning (2): preg_match() [<a href='http://php.net/function.preg-match'>function.preg-match</a>]: Empty regular expression in [F:\Projects\PHP\aodshop\app\controllers\api_controller.php, line 160]
2014-10-25 15:58:27 Warning: Warning (512): <span style="color:Red;text-align:left"><b>SQL Error:</b> 1064: You have an error in your SQL syntax; check the manual that corresponds to your MySQL server version for the right syntax to use near 'password' at line 1</span> in [F:\Projects\PHP\aodshop\cake\libs\model\datasources\dbo_source.php, line 684]
2014-10-26 14:42:47 Warning: Warning (512): <span style="color:Red;text-align:left"><b>SQL Error:</b> 1052: Column 'id' in where clause is ambiguous</span> in [E:\Projects\PHP\aodshop\cake\libs\model\datasources\dbo_source.php, line 684]
2014-10-26 14:43:48 Warning: Warning (512): <span style="color:Red;text-align:left"><b>SQL Error:</b> 1052: Column 'id' in where clause is ambiguous</span> in [E:\Projects\PHP\aodshop\cake\libs\model\datasources\dbo_source.php, line 684]
2014-10-26 14:44:11 Warning: Warning (512): <span style="color:Red;text-align:left"><b>SQL Error:</b> 1052: Column 'id' in where clause is ambiguous</span> in [E:\Projects\PHP\aodshop\cake\libs\model\datasources\dbo_source.php, line 684]
2014-10-26 14:45:26 Warning: Warning (512): <span style="color:Red;text-align:left"><b>SQL Error:</b> 1052: Column 'id' in where clause is ambiguous</span> in [E:\Projects\PHP\aodshop\cake\libs\model\datasources\dbo_source.php, line 684]
2014-10-26 14:45:59 Warning: Warning (512): <span style="color:Red;text-align:left"><b>SQL Error:</b> 1052: Column 'id' in where clause is ambiguous</span> in [E:\Projects\PHP\aodshop\cake\libs\model\datasources\dbo_source.php, line 684]
2014-10-27 11:27:59 Warning: Warning (512): <span style="color:Red;text-align:left"><b>SQL Error:</b> 1052: Column 'id' in where clause is ambiguous</span> in [E:\Projects\PHP\aodshop\cake\libs\model\datasources\dbo_source.php, line 684]
2014-10-27 11:33:10 Warning: Warning (512): <span style="color:Red;text-align:left"><b>SQL Error:</b> 1052: Column 'id' in where clause is ambiguous</span> in [E:\Projects\PHP\aodshop\cake\libs\model\datasources\dbo_source.php, line 684]
2014-10-27 11:33:18 Warning: Warning (512): <span style="color:Red;text-align:left"><b>SQL Error:</b> 1052: Column 'id' in where clause is ambiguous</span> in [E:\Projects\PHP\aodshop\cake\libs\model\datasources\dbo_source.php, line 684]
2014-10-27 11:37:12 Warning: Warning (4096): Object of class stdClass could not be converted to string in [E:\Projects\PHP\aodshop\app\controllers\api_controller.php, line 264]
2014-10-27 11:37:22 Warning: Warning (4096): Object of class stdClass could not be converted to string in [E:\Projects\PHP\aodshop\app\controllers\api_controller.php, line 264]
2014-10-27 14:08:19 Warning: Warning (4096): Object of class stdClass could not be converted to string in [E:\Projects\PHP\aodshop\app\controllers\api_controller.php, line 264]
2014-10-27 14:26:31 Warning: Warning (4096): Object of class stdClass could not be converted to string in [E:\Projects\PHP\aodshop\app\controllers\api_controller.php, line 263]
2014-10-27 14:30:41 Warning: Warning (4096): Object of class stdClass could not be converted to string in [E:\Projects\PHP\aodshop\app\controllers\api_controller.php, line 263]
2014-10-27 15:29:24 Warning: Warning (2): array_push() [<a href='http://php.net/function.array-push'>function.array-push</a>]: First argument should be an array in [E:\Projects\PHP\aodshop\app\controllers\api_controller.php, line 271]
2014-10-27 15:29:28 Warning: Warning (2): array_push() [<a href='http://php.net/function.array-push'>function.array-push</a>]: First argument should be an array in [E:\Projects\PHP\aodshop\app\controllers\api_controller.php, line 271]
2014-10-29 00:58:26 Warning: Warning (2): mkdir() [<a href='http://php.net/function.mkdir'>function.mkdir</a>]: No such file or directory in [F:\Projects\PHP\aodshop\app\controllers\components\filehandle.php, line 11]
2014-10-29 01:00:38 Warning: Warning (2): mkdir() [<a href='http://php.net/function.mkdir'>function.mkdir</a>]: No such file or directory in [F:\Projects\PHP\aodshop\app\controllers\components\filehandle.php, line 11]
2014-10-29 01:00:38 Warning: Warning (2): move_uploaded_file(F:\Projects\PHP\aodshop\app\webroot\upload/1410/1414515638.5024.jpg) [<a href='http://php.net/function.move-uploaded-file'>function.move-uploaded-file</a>]: failed to open stream: No such file or directory in [F:\Projects\PHP\aodshop\app\controllers\components\filehandle.php, line 16]
2014-10-29 01:00:38 Warning: Warning (2): move_uploaded_file() [<a href='http://php.net/function.move-uploaded-file'>function.move-uploaded-file</a>]: Unable to move 'C:\Windows\Temp\php9EC8.tmp' to 'F:\Projects\PHP\aodshop\app\webroot\upload/1410/1414515638.5024.jpg' in [F:\Projects\PHP\aodshop\app\controllers\components\filehandle.php, line 16]
2014-10-30 00:45:55 Warning: Warning (2): Missing argument 1 for ApiController::checkLevel() in [E:\Projects\PHP\aodshop\app\controllers\api_controller.php, line 428]
2014-10-30 00:45:55 Warning: Warning (2): Missing argument 1 for ApiController::checkLevel() in [E:\Projects\PHP\aodshop\app\controllers\api_controller.php, line 428]
2014-10-30 10:19:05 Warning: Warning (2): Missing argument 1 for ApiController::checkLevel() in [E:\Projects\PHP\aodshop\app\controllers\api_controller.php, line 428]
2014-10-30 13:21:44 Warning: Warning (2): Missing argument 2 for ApiController::checkLevel() in [E:\Projects\PHP\aodshop\app\controllers\api_controller.php, line 428]
2014-10-30 13:21:54 Warning: Warning (2): Missing argument 2 for ApiController::checkLevel() in [E:\Projects\PHP\aodshop\app\controllers\api_controller.php, line 428]
2014-10-30 15:37:21 Warning: Warning (512): <span style="color:Red;text-align:left"><b>SQL Error:</b> 1366: Incorrect integer value: 'c' for column 'sort' at row 1</span> in [E:\Projects\PHP\aodshop\cake\libs\model\datasources\dbo_source.php, line 684]
2014-10-30 16:44:49 Warning: Warning (512): <span style="color:Red;text-align:left"><b>SQL Error:</b> 1062: Duplicate entry '1' for key 'sort'</span> in [E:\Projects\PHP\aodshop\cake\libs\model\datasources\dbo_source.php, line 684]
2014-10-30 16:45:13 Warning: Warning (512): <span style="color:Red;text-align:left"><b>SQL Error:</b> 1062: Duplicate entry '2' for key 'sort'</span> in [E:\Projects\PHP\aodshop\cake\libs\model\datasources\dbo_source.php, line 684]
2014-10-30 17:20:55 Warning: Warning (2): Invalid argument supplied for foreach() in [E:\Projects\PHP\aodshop\cake\libs\model\model.php, line 574]
2014-10-30 17:23:15 Warning: Warning (512): <span style="color:Red;text-align:left"><b>SQL Error:</b> 1064: You have an error in your SQL syntax; check the manual that corresponds to your MySQL server version for the right syntax to use near 'loadModel' at line 1</span> in [E:\Projects\PHP\aodshop\cake\libs\model\datasources\dbo_source.php, line 684]
2014-10-30 17:35:03 Warning: Warning (512): <span style="color:Red;text-align:left"><b>SQL Error:</b> 1052: Column 'is_pass' in where clause is ambiguous</span> in [E:\Projects\PHP\aodshop\cake\libs\model\datasources\dbo_source.php, line 684]
2014-10-30 17:37:27 Warning: Warning (512): <span style="color:Red;text-align:left"><b>SQL Error:</b> 1327: Undeclared variable: Array</span> in [E:\Projects\PHP\aodshop\cake\libs\model\datasources\dbo_source.php, line 684]
2014-10-30 17:41:25 Warning: Warning (2): array_unshift() [<a href='http://php.net/function.array-unshift'>function.array-unshift</a>]: The first argument should be an array in [E:\Projects\PHP\aodshop\app\controllers\api_controller.php, line 466]
2014-10-30 17:41:39 Warning: Warning (2): Wrong parameter count for array_unshift() in [E:\Projects\PHP\aodshop\app\controllers\api_controller.php, line 466]
2014-10-30 17:43:23 Warning: Warning (2): array_unshift() [<a href='http://php.net/function.array-unshift'>function.array-unshift</a>]: The first argument should be an array in [E:\Projects\PHP\aodshop\app\controllers\api_controller.php, line 466]
2014-10-30 18:02:41 Warning: Warning (2): Missing argument 1 for ApiController::getProducts() in [E:\Projects\PHP\aodshop\app\controllers\api_controller.php, line 428]
2014-10-30 18:02:41 Warning: Warning (2): Missing argument 2 for ApiController::getProducts() in [E:\Projects\PHP\aodshop\app\controllers\api_controller.php, line 428]
2014-10-30 18:02:41 Warning: Warning (512): <span style="color:Red;text-align:left"><b>SQL Error:</b> 1064: You have an error in your SQL syntax; check the manual that corresponds to your MySQL server version for the right syntax to use near '' at line 1</span> in [E:\Projects\PHP\aodshop\cake\libs\model\datasources\dbo_source.php, line 684]
2014-10-30 19:36:12 Warning: Warning (2): Missing argument 1 for ApiController::getProducts() in [E:\Projects\PHP\aodshop\app\controllers\api_controller.php, line 434]
2014-10-30 19:36:12 Warning: Warning (2): Missing argument 2 for ApiController::getProducts() in [E:\Projects\PHP\aodshop\app\controllers\api_controller.php, line 434]
2014-10-30 19:36:42 Warning: Warning (2): Missing argument 1 for ApiController::getProducts() in [E:\Projects\PHP\aodshop\app\controllers\api_controller.php, line 434]
2014-10-30 19:36:42 Warning: Warning (2): Missing argument 2 for ApiController::getProducts() in [E:\Projects\PHP\aodshop\app\controllers\api_controller.php, line 434]
2014-10-30 19:36:44 Warning: Warning (2): Missing argument 2 for ApiController::getProducts() in [E:\Projects\PHP\aodshop\app\controllers\api_controller.php, line 434]
2014-10-30 19:40:44 Warning: Warning (2): Missing argument 1 for ApiController::getProducts() in [E:\Projects\PHP\aodshop\app\controllers\api_controller.php, line 434]
2014-10-30 19:40:44 Warning: Warning (2): Missing argument 2 for ApiController::getProducts() in [E:\Projects\PHP\aodshop\app\controllers\api_controller.php, line 434]
2014-10-30 21:16:04 Warning: Warning (2): Missing argument 1 for ApiController::getProducts() in [E:\Projects\PHP\aodshop\app\controllers\api_controller.php, line 434]
2014-10-30 21:16:04 Warning: Warning (2): Missing argument 2 for ApiController::getProducts() in [E:\Projects\PHP\aodshop\app\controllers\api_controller.php, line 434]
2014-10-31 00:00:12 Warning: Warning (2): Missing argument 1 for ApiController::getProducts() in [E:\Projects\PHP\aodshop\app\controllers\api_controller.php, line 434]
2014-10-31 00:00:12 Warning: Warning (2): Missing argument 2 for ApiController::getProducts() in [E:\Projects\PHP\aodshop\app\controllers\api_controller.php, line 434]
2014-10-31 14:03:30 Warning: Warning (512): <span style="color:Red;text-align:left"><b>SQL Error:</b> 1052: Column 'user_id' in where clause is ambiguous</span> in [E:\Projects\PHP\aodshop\cake\libs\model\datasources\dbo_source.php, line 684]
2014-10-31 17:57:27 Warning: Warning (512): <span style="color:Red;text-align:left"><b>SQL Error:</b> 1054: Unknown column 'Shop.name' in 'field list'</span> in [E:\Projects\PHP\aodshop\cake\libs\model\datasources\dbo_source.php, line 684]
2014-10-31 17:59:34 Warning: Warning (512): <span style="color:Red;text-align:left"><b>SQL Error:</b> 1054: Unknown column 'Shop.name' in 'field list'</span> in [E:\Projects\PHP\aodshop\cake\libs\model\datasources\dbo_source.php, line 684]
2014-10-31 17:59:48 Warning: Warning (512): <span style="color:Red;text-align:left"><b>SQL Error:</b> 1054: Unknown column 'Shop.name' in 'field list'</span> in [E:\Projects\PHP\aodshop\cake\libs\model\datasources\dbo_source.php, line 684]
2014-10-31 18:00:30 Warning: Warning (512): <span style="color:Red;text-align:left"><b>SQL Error:</b> 1054: Unknown column 'Shop.name' in 'field list'</span> in [E:\Projects\PHP\aodshop\cake\libs\model\datasources\dbo_source.php, line 684]
2014-10-31 18:01:06 Warning: Warning (512): <span style="color:Red;text-align:left"><b>SQL Error:</b> 1054: Unknown column 'Shop.name' in 'field list'</span> in [E:\Projects\PHP\aodshop\cake\libs\model\datasources\dbo_source.php, line 684]
2014-10-31 18:01:26 Warning: Warning (512): <span style="color:Red;text-align:left"><b>SQL Error:</b> 1054: Unknown column 'Shop.name' in 'field list'</span> in [E:\Projects\PHP\aodshop\cake\libs\model\datasources\dbo_source.php, line 684]
2014-10-31 18:01:30 Warning: Warning (512): <span style="color:Red;text-align:left"><b>SQL Error:</b> 1054: Unknown column 'Shop.name' in 'field list'</span> in [E:\Projects\PHP\aodshop\cake\libs\model\datasources\dbo_source.php, line 684]
2014-10-31 18:01:35 Warning: Warning (512): <span style="color:Red;text-align:left"><b>SQL Error:</b> 1054: Unknown column 'Shop.name' in 'field list'</span> in [E:\Projects\PHP\aodshop\cake\libs\model\datasources\dbo_source.php, line 684]
2014-11-04 10:07:17 Warning: Warning (512): <span style="color:Red;text-align:left"><b>SQL Error:</b> 1062: Duplicate entry '2' for key 'sort'</span> in [E:\Projects\PHP\aodshop\cake\libs\model\datasources\dbo_source.php, line 684]
2014-11-04 13:06:50 Warning: Warning (512): <span style="color:Red;text-align:left"><b>SQL Error:</b> 1054: Unknown column 'information_categorsy_id' in 'where clause'</span> in [E:\Projects\PHP\aodshop\cake\libs\model\datasources\dbo_source.php, line 684]
2014-11-04 16:22:28 Warning: Warning (512): <span style="color:Red;text-align:left"><b>SQL Error:</b> 1052: Column 'district_id' in where clause is ambiguous</span> in [E:\Projects\PHP\aodshop\cake\libs\model\datasources\dbo_source.php, line 684]
2014-11-04 17:00:51 Warning: Warning (512): <span style="color:Red;text-align:left"><b>SQL Error:</b> 1064: You have an error in your SQL syntax; check the manual that corresponds to your MySQL server version for the right syntax to use near '<>! 1    LIMIT 3' at line 1</span> in [E:\Projects\PHP\aodshop\cake\libs\model\datasources\dbo_source.php, line 684]
2014-11-04 17:00:51 Warning: Warning (512): <span style="color:Red;text-align:left"><b>SQL Error:</b> 1064: You have an error in your SQL syntax; check the manual that corresponds to your MySQL server version for the right syntax to use near '<>! 2    LIMIT 3' at line 1</span> in [E:\Projects\PHP\aodshop\cake\libs\model\datasources\dbo_source.php, line 684]
2014-11-04 17:00:51 Warning: Warning (512): <span style="color:Red;text-align:left"><b>SQL Error:</b> 1064: You have an error in your SQL syntax; check the manual that corresponds to your MySQL server version for the right syntax to use near '<>! 4    LIMIT 3' at line 1</span> in [E:\Projects\PHP\aodshop\cake\libs\model\datasources\dbo_source.php, line 684]
2014-11-04 17:00:51 Warning: Warning (512): <span style="color:Red;text-align:left"><b>SQL Error:</b> 1064: You have an error in your SQL syntax; check the manual that corresponds to your MySQL server version for the right syntax to use near '<>! 5    LIMIT 3' at line 1</span> in [E:\Projects\PHP\aodshop\cake\libs\model\datasources\dbo_source.php, line 684]
2014-11-04 17:00:51 Warning: Warning (512): <span style="color:Red;text-align:left"><b>SQL Error:</b> 1064: You have an error in your SQL syntax; check the manual that corresponds to your MySQL server version for the right syntax to use near '<>! 6    LIMIT 3' at line 1</span> in [E:\Projects\PHP\aodshop\cake\libs\model\datasources\dbo_source.php, line 684]
2014-11-04 17:29:24 Warning: Warning (512): <span style="color:Red;text-align:left"><b>SQL Error:</b> 1064: You have an error in your SQL syntax; check the manual that corresponds to your MySQL server version for the right syntax to use near ''(2,3,4)'    LIMIT 1' at line 1</span> in [E:\Projects\PHP\aodshop\cake\libs\model\datasources\dbo_source.php, line 684]
2014-11-04 17:30:11 Warning: Warning (512): <span style="color:Red;text-align:left"><b>SQL Error:</b> 1064: You have an error in your SQL syntax; check the manual that corresponds to your MySQL server version for the right syntax to use near ''2,3,4'    LIMIT 1' at line 1</span> in [E:\Projects\PHP\aodshop\cake\libs\model\datasources\dbo_source.php, line 684]
2014-11-04 17:39:38 Warning: Warning (512): <span style="color:Red;text-align:left"><b>SQL Error:</b> 1054: Unknown column 'Advertising.ids' in 'where clause'</span> in [E:\Projects\PHP\aodshop\cake\libs\model\datasources\dbo_source.php, line 684]
2014-11-04 17:40:32 Warning: Warning (512): <span style="color:Red;text-align:left"><b>SQL Error:</b> 1054: Unknown column 'Advertising.ids' in 'where clause'</span> in [E:\Projects\PHP\aodshop\cake\libs\model\datasources\dbo_source.php, line 684]
2014-11-04 17:41:07 Warning: Warning (512): <span style="color:Red;text-align:left"><b>SQL Error:</b> 1054: Unknown column 'Advertising.ids' in 'where clause'</span> in [E:\Projects\PHP\aodshop\cake\libs\model\datasources\dbo_source.php, line 684]
2014-11-04 17:44:45 Warning: Warning (512): <span style="color:Red;text-align:left"><b>SQL Error:</b> 1054: Unknown column 'Advertising.ids' in 'where clause'</span> in [E:\Projects\PHP\aodshop\cake\libs\model\datasources\dbo_source.php, line 684]
2014-11-04 17:45:27 Warning: Warning (512): <span style="color:Red;text-align:left"><b>SQL Error:</b> 1054: Unknown column 'Advertising.ids' in 'where clause'</span> in [E:\Projects\PHP\aodshop\cake\libs\model\datasources\dbo_source.php, line 684]
2014-11-04 17:46:32 Warning: Warning (512): <span style="color:Red;text-align:left"><b>SQL Error:</b> 1064: You have an error in your SQL syntax; check the manual that corresponds to your MySQL server version for the right syntax to use near '! IN ('1', '2', '3', '4')    LIMIT 3' at line 1</span> in [E:\Projects\PHP\aodshop\cake\libs\model\datasources\dbo_source.php, line 684]
2014-11-04 17:46:52 Warning: Warning (512): <span style="color:Red;text-align:left"><b>SQL Error:</b> 1054: Unknown column 'Advertising.ids' in 'where clause'</span> in [E:\Projects\PHP\aodshop\cake\libs\model\datasources\dbo_source.php, line 684]
2014-11-04 17:51:37 Warning: Warning (2): Invalid argument supplied for foreach() in [E:\Projects\PHP\aodshop\cake\libs\model\model.php, line 574]
2014-11-04 18:09:16 Warning: Warning (2): Wrong parameter count for strstr() in [E:\Projects\PHP\aodshop\app\controllers\api_controller.php, line 795]
2014-11-04 20:32:44 Warning: Warning (512): <span style="color:Red;text-align:left"><b>SQL Error:</b> 1052: Column 'is_pass' in where clause is ambiguous</span> in [F:\Projects\PHP\aodshop\cake\libs\model\datasources\dbo_source.php, line 684]
2014-11-06 01:23:46 Warning: Warning (512): <span style="color:Red;text-align:left"><b>SQL Error:</b> 1052: Column 'district_id' in where clause is ambiguous</span> in [F:\Projects\PHP\aodshop\cake\libs\model\datasources\dbo_source.php, line 684]
2014-11-06 01:24:09 Warning: Warning (512): <span style="color:Red;text-align:left"><b>SQL Error:</b> 1052: Column 'is_pass' in where clause is ambiguous</span> in [F:\Projects\PHP\aodshop\cake\libs\model\datasources\dbo_source.php, line 684]
2014-11-09 01:36:45 Warning: Warning (2): preg_match() expects parameter 2 to be string, array given in [E:\Projects\PHP\aodshop\cake\libs\model\datasources\dbo_source.php, line 2020]
2014-11-09 01:36:45 Warning: Warning (2): preg_match() expects parameter 2 to be string, array given in [E:\Projects\PHP\aodshop\cake\libs\model\datasources\dbo_source.php, line 2022]
2014-11-09 01:36:45 Warning: Warning (512): <span style="color:Red;text-align:left"><b>SQL Error:</b> 1054: Unknown column 'Product.Array' in 'field list'</span> in [E:\Projects\PHP\aodshop\cake\libs\model\datasources\dbo_source.php, line 684]
2014-11-09 01:37:30 Warning: Warning (2): preg_match() expects parameter 2 to be string, array given in [E:\Projects\PHP\aodshop\cake\libs\model\datasources\dbo_source.php, line 2020]
2014-11-09 01:37:30 Warning: Warning (2): preg_match() expects parameter 2 to be string, array given in [E:\Projects\PHP\aodshop\cake\libs\model\datasources\dbo_source.php, line 2022]
2014-11-09 01:37:30 Warning: Warning (512): <span style="color:Red;text-align:left"><b>SQL Error:</b> 1054: Unknown column 'Product.Array' in 'field list'</span> in [E:\Projects\PHP\aodshop\cake\libs\model\datasources\dbo_source.php, line 684]
2014-11-09 01:43:44 Warning: Warning (2): Missing argument 4 for ApiController::getProducts() in [E:\Projects\PHP\aodshop\app\controllers\api_controller.php, line 436]
2014-11-09 01:45:44 Warning: Warning (2): Missing argument 5 for ApiController::getProducts() in [E:\Projects\PHP\aodshop\app\controllers\api_controller.php, line 436]
2014-11-09 01:50:06 Warning: Warning (2): preg_match() expects parameter 2 to be string, array given in [E:\Projects\PHP\aodshop\cake\libs\model\datasources\dbo_source.php, line 2020]
2014-11-09 01:50:06 Warning: Warning (2): preg_match() expects parameter 2 to be string, array given in [E:\Projects\PHP\aodshop\cake\libs\model\datasources\dbo_source.php, line 2022]
2014-11-09 01:50:06 Warning: Warning (512): <span style="color:Red;text-align:left"><b>SQL Error:</b> 1054: Unknown column 'Product.Array' in 'field list'</span> in [E:\Projects\PHP\aodshop\cake\libs\model\datasources\dbo_source.php, line 684]
2014-11-09 11:13:14 Warning: Warning (2): preg_match() expects parameter 2 to be string, array given in [E:\Projects\PHP\aodshop\cake\libs\model\datasources\dbo_source.php, line 2020]
2014-11-09 11:13:14 Warning: Warning (2): preg_match() expects parameter 2 to be string, array given in [E:\Projects\PHP\aodshop\cake\libs\model\datasources\dbo_source.php, line 2022]
2014-11-09 11:13:14 Warning: Warning (512): <span style="color:Red;text-align:left"><b>SQL Error:</b> 1054: Unknown column 'Product.Array' in 'field list'</span> in [E:\Projects\PHP\aodshop\cake\libs\model\datasources\dbo_source.php, line 684]
2014-11-09 11:46:33 Warning: Warning (2): Missing argument 5 for ApiController::getProducts() in [E:\Projects\PHP\aodshop\app\controllers\api_controller.php, line 436]
2014-11-09 12:04:18 Warning: Warning (2): Missing argument 5 for ApiController::getProducts() in [E:\Projects\PHP\aodshop\app\controllers\api_controller.php, line 436]
2014-11-09 12:18:56 Warning: Warning (512): <span style="color:Red;text-align:left"><b>SQL Error:</b> 1364: Field 'user_id' doesn't have a default value</span> in [E:\Projects\PHP\aodshop\cake\libs\model\datasources\dbo_source.php, line 684]
2014-11-09 12:55:49 Warning: Warning (512): <span style="color:Red;text-align:left"><b>SQL Error:</b> 1054: Unknown column 'District.id' in 'field list'</span> in [E:\Projects\PHP\aodshop\cake\libs\model\datasources\dbo_source.php, line 684]
2014-11-09 12:56:18 Warning: Warning (512): <span style="color:Red;text-align:left"><b>SQL Error:</b> 1054: Unknown column 'District.id' in 'field list'</span> in [E:\Projects\PHP\aodshop\cake\libs\model\datasources\dbo_source.php, line 684]
2014-11-09 12:56:29 Warning: Warning (512): <span style="color:Red;text-align:left"><b>SQL Error:</b> 1054: Unknown column 'District.id' in 'field list'</span> in [E:\Projects\PHP\aodshop\cake\libs\model\datasources\dbo_source.php, line 684]
2014-11-09 12:57:04 Warning: Warning (512): <span style="color:Red;text-align:left"><b>SQL Error:</b> 1054: Unknown column 'District.id' in 'field list'</span> in [E:\Projects\PHP\aodshop\cake\libs\model\datasources\dbo_source.php, line 684]
2014-11-09 12:58:02 Warning: Warning (512): <span style="color:Red;text-align:left"><b>SQL Error:</b> 1054: Unknown column 'District.id' in 'field list'</span> in [E:\Projects\PHP\aodshop\cake\libs\model\datasources\dbo_source.php, line 684]
2014-11-09 13:01:31 Error: Fatal Error (256): ConnectionManager::getDataSource - Non-existent data source  in [E:\Projects\PHP\aodshop\cake\libs\model\connection_manager.php, line 102]
2014-11-09 13:01:55 Error: Fatal Error (256): ConnectionManager::getDataSource - Non-existent data source  in [E:\Projects\PHP\aodshop\cake\libs\model\connection_manager.php, line 102]
2014-11-09 13:03:49 Warning: Warning (512): <span style="color:Red;text-align:left"><b>SQL Error:</b> 1054: Unknown column 'District.id' in 'field list'</span> in [E:\Projects\PHP\aodshop\cake\libs\model\datasources\dbo_source.php, line 684]
2014-11-09 13:08:09 Warning: Warning (512): <span style="color:Red;text-align:left"><b>SQL Error:</b> 1054: Unknown column 'User.name' in 'field list'</span> in [E:\Projects\PHP\aodshop\cake\libs\model\datasources\dbo_source.php, line 684]
2014-11-09 13:22:01 Warning: Warning (512): <span style="color:Red;text-align:left"><b>SQL Error:</b> 1052: Column 'id' in where clause is ambiguous</span> in [E:\Projects\PHP\aodshop\cake\libs\model\datasources\dbo_source.php, line 684]
2014-11-12 17:14:48 Warning: Warning (512): <span style="color:Red;text-align:left"><b>SQL Error:</b> 1064: You have an error in your SQL syntax; check the manual that corresponds to your MySQL server version for the right syntax to use near '.`is_pass` FROM `aodshop_products` AS `Product` LEFT JOIN `aodshop_districts` AS' at line 1</span> in [E:\Projects\PHP\aodshop\cake\libs\model\datasources\dbo_source.php, line 684]
2014-11-12 17:15:31 Warning: Warning (512): <span style="color:Red;text-align:left"><b>SQL Error:</b> 1054: Unknown column 'ProductCat.idProductCat.name' in 'field list'</span> in [E:\Projects\PHP\aodshop\cake\libs\model\datasources\dbo_source.php, line 684]
2014-11-12 17:16:10 Warning: Warning (512): <span style="color:Red;text-align:left"><b>SQL Error:</b> 1054: Unknown column 'User.emailUser.phone' in 'field list'</span> in [E:\Projects\PHP\aodshop\cake\libs\model\datasources\dbo_source.php, line 684]
2014-11-13 00:42:29 Warning: Warning (512): <span style="color:Red;text-align:left"><b>SQL Error:</b> 1052: Column 'is_pass' in where clause is ambiguous</span> in [E:\Projects\PHP\aodshop\cake\libs\model\datasources\dbo_source.php, line 684]
2014-11-13 00:42:43 Warning: Warning (512): <span style="color:Red;text-align:left"><b>SQL Error:</b> 1052: Column 'is_pass' in where clause is ambiguous</span> in [E:\Projects\PHP\aodshop\cake\libs\model\datasources\dbo_source.php, line 684]
2014-11-13 00:42:48 Warning: Warning (512): <span style="color:Red;text-align:left"><b>SQL Error:</b> 1054: Unknown column 'inonsale' in 'where clause'</span> in [E:\Projects\PHP\aodshop\cake\libs\model\datasources\dbo_source.php, line 684]
2014-11-13 00:43:17 Warning: Warning (512): <span style="color:Red;text-align:left"><b>SQL Error:</b> 1054: Unknown column 'GrouppurchaseProduct.isonsale' in 'where clause'</span> in [E:\Projects\PHP\aodshop\cake\libs\model\datasources\dbo_source.php, line 684]
2014-11-14 10:56:05 Warning: Warning (512): <span style="color:Red;text-align:left"><b>SQL Error:</b> 1054: Unknown column 'conditions' in 'where clause'</span> in [E:\Projects\PHP\aodshop\cake\libs\model\datasources\dbo_source.php, line 684]
2014-11-14 10:56:05 Warning: Warning (2): Invalid argument supplied for foreach() in [E:\Projects\PHP\aodshop\app\views\users\lv1_list_user.ctp, line 27]
2014-11-14 10:56:05 Warning: Warning (512): <span style="color:Red;text-align:left"><b>SQL Error:</b> 1054: Unknown column 'conditions' in 'where clause'</span> in [E:\Projects\PHP\aodshop\cake\libs\model\datasources\dbo_source.php, line 684]
2014-11-14 10:56:05 Warning: Warning (2): Invalid argument supplied for foreach() in [E:\Projects\PHP\aodshop\app\views\users\lv1_list_user.ctp, line 27]
2014-11-14 10:56:23 Warning: Warning (512): <span style="color:Red;text-align:left"><b>SQL Error:</b> 1054: Unknown column 'conditions' in 'where clause'</span> in [E:\Projects\PHP\aodshop\cake\libs\model\datasources\dbo_source.php, line 684]
2014-11-14 10:56:23 Warning: Warning (2): Invalid argument supplied for foreach() in [E:\Projects\PHP\aodshop\app\views\users\lv1_list_user.ctp, line 27]
2014-11-14 10:56:23 Warning: Warning (512): <span style="color:Red;text-align:left"><b>SQL Error:</b> 1054: Unknown column 'conditions' in 'where clause'</span> in [E:\Projects\PHP\aodshop\cake\libs\model\datasources\dbo_source.php, line 684]
2014-11-14 10:56:23 Warning: Warning (2): Invalid argument supplied for foreach() in [E:\Projects\PHP\aodshop\app\views\users\lv1_list_user.ctp, line 27]
2014-11-14 10:56:41 Warning: Warning (512): <span style="color:Red;text-align:left"><b>SQL Error:</b> 1054: Unknown column 'gourp_id' in 'where clause'</span> in [E:\Projects\PHP\aodshop\cake\libs\model\datasources\dbo_source.php, line 684]
2014-11-14 10:56:41 Warning: Warning (2): Invalid argument supplied for foreach() in [E:\Projects\PHP\aodshop\app\views\users\lv1_list_user.ctp, line 27]
2014-11-14 10:56:42 Warning: Warning (512): <span style="color:Red;text-align:left"><b>SQL Error:</b> 1054: Unknown column 'gourp_id' in 'where clause'</span> in [E:\Projects\PHP\aodshop\cake\libs\model\datasources\dbo_source.php, line 684]
2014-11-14 10:56:42 Warning: Warning (2): Invalid argument supplied for foreach() in [E:\Projects\PHP\aodshop\app\views\users\lv1_list_user.ctp, line 27]
2014-11-14 10:57:29 Warning: Warning (512): <span style="color:Red;text-align:left"><b>SQL Error:</b> 1064: You have an error in your SQL syntax; check the manual that corresponds to your MySQL server version for the right syntax to use near 'IN (1, 2)' at line 1</span> in [E:\Projects\PHP\aodshop\cake\libs\model\datasources\dbo_source.php, line 684]
2014-11-14 10:57:29 Warning: Warning (512): <span style="color:Red;text-align:left"><b>SQL Error:</b> 1064: You have an error in your SQL syntax; check the manual that corresponds to your MySQL server version for the right syntax to use near 'IN (1, 2)    LIMIT 20' at line 1</span> in [E:\Projects\PHP\aodshop\cake\libs\model\datasources\dbo_source.php, line 684]
2014-11-14 10:57:29 Warning: Warning (2): Invalid argument supplied for foreach() in [E:\Projects\PHP\aodshop\app\views\users\lv1_list_user.ctp, line 27]
2014-11-14 10:57:29 Warning: Warning (512): <span style="color:Red;text-align:left"><b>SQL Error:</b> 1064: You have an error in your SQL syntax; check the manual that corresponds to your MySQL server version for the right syntax to use near 'IN (1, 2)' at line 1</span> in [E:\Projects\PHP\aodshop\cake\libs\model\datasources\dbo_source.php, line 684]
2014-11-14 10:57:29 Warning: Warning (512): <span style="color:Red;text-align:left"><b>SQL Error:</b> 1064: You have an error in your SQL syntax; check the manual that corresponds to your MySQL server version for the right syntax to use near 'IN (1, 2)    LIMIT 20' at line 1</span> in [E:\Projects\PHP\aodshop\cake\libs\model\datasources\dbo_source.php, line 684]
2014-11-14 10:57:29 Warning: Warning (2): Invalid argument supplied for foreach() in [E:\Projects\PHP\aodshop\app\views\users\lv1_list_user.ctp, line 27]
2014-11-14 10:57:39 Warning: Warning (512): <span style="color:Red;text-align:left"><b>SQL Error:</b> 1064: You have an error in your SQL syntax; check the manual that corresponds to your MySQL server version for the right syntax to use near 'IN ('1', '2')' at line 1</span> in [E:\Projects\PHP\aodshop\cake\libs\model\datasources\dbo_source.php, line 684]
2014-11-14 10:57:39 Warning: Warning (512): <span style="color:Red;text-align:left"><b>SQL Error:</b> 1064: You have an error in your SQL syntax; check the manual that corresponds to your MySQL server version for the right syntax to use near 'IN ('1', '2')    LIMIT 20' at line 1</span> in [E:\Projects\PHP\aodshop\cake\libs\model\datasources\dbo_source.php, line 684]
2014-11-14 10:57:39 Warning: Warning (2): Invalid argument supplied for foreach() in [E:\Projects\PHP\aodshop\app\views\users\lv1_list_user.ctp, line 27]
2014-11-14 10:57:39 Warning: Warning (512): <span style="color:Red;text-align:left"><b>SQL Error:</b> 1064: You have an error in your SQL syntax; check the manual that corresponds to your MySQL server version for the right syntax to use near 'IN ('1', '2')' at line 1</span> in [E:\Projects\PHP\aodshop\cake\libs\model\datasources\dbo_source.php, line 684]
2014-11-14 10:57:39 Warning: Warning (512): <span style="color:Red;text-align:left"><b>SQL Error:</b> 1064: You have an error in your SQL syntax; check the manual that corresponds to your MySQL server version for the right syntax to use near 'IN ('1', '2')    LIMIT 20' at line 1</span> in [E:\Projects\PHP\aodshop\cake\libs\model\datasources\dbo_source.php, line 684]
2014-11-14 10:57:39 Warning: Warning (2): Invalid argument supplied for foreach() in [E:\Projects\PHP\aodshop\app\views\users\lv1_list_user.ctp, line 27]
2014-11-14 10:57:59 Warning: Warning (512): <span style="color:Red;text-align:left"><b>SQL Error:</b> 1064: You have an error in your SQL syntax; check the manual that corresponds to your MySQL server version for the right syntax to use near '! IN ('1', '2')' at line 1</span> in [E:\Projects\PHP\aodshop\cake\libs\model\datasources\dbo_source.php, line 684]
2014-11-14 10:57:59 Warning: Warning (512): <span style="color:Red;text-align:left"><b>SQL Error:</b> 1064: You have an error in your SQL syntax; check the manual that corresponds to your MySQL server version for the right syntax to use near '! IN ('1', '2')    LIMIT 20' at line 1</span> in [E:\Projects\PHP\aodshop\cake\libs\model\datasources\dbo_source.php, line 684]
2014-11-14 10:57:59 Warning: Warning (2): Invalid argument supplied for foreach() in [E:\Projects\PHP\aodshop\app\views\users\lv1_list_user.ctp, line 27]
2014-11-14 10:58:00 Warning: Warning (512): <span style="color:Red;text-align:left"><b>SQL Error:</b> 1064: You have an error in your SQL syntax; check the manual that corresponds to your MySQL server version for the right syntax to use near '! IN ('1', '2')' at line 1</span> in [E:\Projects\PHP\aodshop\cake\libs\model\datasources\dbo_source.php, line 684]
2014-11-14 10:58:00 Warning: Warning (512): <span style="color:Red;text-align:left"><b>SQL Error:</b> 1064: You have an error in your SQL syntax; check the manual that corresponds to your MySQL server version for the right syntax to use near '! IN ('1', '2')    LIMIT 20' at line 1</span> in [E:\Projects\PHP\aodshop\cake\libs\model\datasources\dbo_source.php, line 684]
2014-11-14 10:58:00 Warning: Warning (2): Invalid argument supplied for foreach() in [E:\Projects\PHP\aodshop\app\views\users\lv1_list_user.ctp, line 27]
2014-11-14 11:00:10 Warning: Warning (512): <span style="color:Red;text-align:left"><b>SQL Error:</b> 1054: Unknown column 'limit' in 'where clause'</span> in [E:\Projects\PHP\aodshop\cake\libs\model\datasources\dbo_source.php, line 684]
2014-11-14 11:00:10 Warning: Warning (2): Invalid argument supplied for foreach() in [E:\Projects\PHP\aodshop\app\views\users\lv1_list_user.ctp, line 27]
2014-11-14 11:00:10 Warning: Warning (512): <span style="color:Red;text-align:left"><b>SQL Error:</b> 1054: Unknown column 'limit' in 'where clause'</span> in [E:\Projects\PHP\aodshop\cake\libs\model\datasources\dbo_source.php, line 684]
2014-11-14 11:00:10 Warning: Warning (2): Invalid argument supplied for foreach() in [E:\Projects\PHP\aodshop\app\views\users\lv1_list_user.ctp, line 27]
2014-11-14 11:02:36 Warning: Warning (512): <span style="color:Red;text-align:left"><b>SQL Error:</b> 1054: Unknown column 'User.district' in 'field list'</span> in [E:\Projects\PHP\aodshop\cake\libs\model\datasources\dbo_source.php, line 684]
2014-11-14 11:02:36 Warning: Warning (2): Invalid argument supplied for foreach() in [E:\Projects\PHP\aodshop\app\views\users\lv1_list_user.ctp, line 27]
2014-11-14 11:02:37 Warning: Warning (512): <span style="color:Red;text-align:left"><b>SQL Error:</b> 1054: Unknown column 'User.district' in 'field list'</span> in [E:\Projects\PHP\aodshop\cake\libs\model\datasources\dbo_source.php, line 684]
2014-11-14 11:02:37 Warning: Warning (2): Invalid argument supplied for foreach() in [E:\Projects\PHP\aodshop\app\views\users\lv1_list_user.ctp, line 27]
2014-11-14 11:04:32 Warning: Warning (512): <span style="color:Red;text-align:left"><b>SQL Error:</b> 1054: Unknown column 'User.Companyname' in 'field list'</span> in [E:\Projects\PHP\aodshop\cake\libs\model\datasources\dbo_source.php, line 684]
2014-11-14 11:04:32 Warning: Warning (2): Invalid argument supplied for foreach() in [E:\Projects\PHP\aodshop\app\views\users\lv1_list_user.ctp, line 27]
2014-11-14 11:04:33 Warning: Warning (512): <span style="color:Red;text-align:left"><b>SQL Error:</b> 1054: Unknown column 'User.Companyname' in 'field list'</span> in [E:\Projects\PHP\aodshop\cake\libs\model\datasources\dbo_source.php, line 684]
2014-11-14 11:04:33 Warning: Warning (2): Invalid argument supplied for foreach() in [E:\Projects\PHP\aodshop\app\views\users\lv1_list_user.ctp, line 27]
2014-11-14 11:06:25 Warning: Warning (512): <span style="color:Red;text-align:left"><b>SQL Error:</b> 1054: Unknown column 'User.passtime' in 'field list'</span> in [E:\Projects\PHP\aodshop\cake\libs\model\datasources\dbo_source.php, line 684]
2014-11-14 11:06:25 Warning: Warning (2): Invalid argument supplied for foreach() in [E:\Projects\PHP\aodshop\app\views\users\lv1_list_user.ctp, line 27]
2014-11-14 11:06:26 Warning: Warning (512): <span style="color:Red;text-align:left"><b>SQL Error:</b> 1054: Unknown column 'User.passtime' in 'field list'</span> in [E:\Projects\PHP\aodshop\cake\libs\model\datasources\dbo_source.php, line 684]
2014-11-14 11:06:26 Warning: Warning (2): Invalid argument supplied for foreach() in [E:\Projects\PHP\aodshop\app\views\users\lv1_list_user.ctp, line 27]
2014-11-14 13:58:05 Warning: Warning (512): <span style="color:Red;text-align:left"><b>SQL Error:</b> 1062: Duplicate entry '金阊区' for key 'name'</span> in [E:\Projects\PHP\aodshop\cake\libs\model\datasources\dbo_source.php, line 684]
2014-11-14 20:29:32 Warning: Warning (512): <span style="color:Red;text-align:left"><b>SQL Error:</b> 1062: Duplicate entry '' for key 'avatar'</span> in [F:\Projects\PHP\aodshop\cake\libs\model\datasources\dbo_source.php, line 684]
2014-11-15 22:42:33 Warning: Warning (2): mysql_connect() [<a href='http://php.net/function.mysql-connect'>function.mysql-connect</a>]: Unknown MySQL server host 'localhost' (11001) in [E:\Projects\PHP\aodshop\cake\libs\model\datasources\dbo\dbo_mysql.php, line 561]
2014-11-15 22:42:33 Warning: Warning (2): mysql_real_escape_string() expects parameter 2 to be resource, boolean given in [E:\Projects\PHP\aodshop\cake\libs\model\datasources\dbo\dbo_mysql.php, line 684]
2014-11-15 22:42:33 Warning: Warning (2): mysql_query(): supplied argument is not a valid MySQL-Link resource in [E:\Projects\PHP\aodshop\cake\libs\model\datasources\dbo\dbo_mysql.php, line 613]
2014-11-15 22:42:33 Warning: Warning (2): mysql_errno(): supplied argument is not a valid MySQL-Link resource in [E:\Projects\PHP\aodshop\cake\libs\model\datasources\dbo\dbo_mysql.php, line 695]
2014-11-15 22:44:10 Warning: Warning (2): mysql_connect() [<a href='http://php.net/function.mysql-connect'>function.mysql-connect</a>]: Unknown MySQL server host 'localhost' (11001) in [E:\Projects\PHP\aodshop\cake\libs\model\datasources\dbo\dbo_mysql.php, line 561]
2014-11-15 22:44:10 Warning: Warning (2): mysql_query(): supplied argument is not a valid MySQL-Link resource in [E:\Projects\PHP\aodshop\cake\libs\model\datasources\dbo\dbo_mysql.php, line 613]
2014-11-15 22:44:10 Warning: Warning (2): Cannot modify header information - headers already sent by (output started at E:\Projects\PHP\aodshop\cake\libs\debugger.php:686) in [E:\Projects\PHP\aodshop\cake\libs\controller\controller.php, line 742]
2014-11-15 22:44:47 Warning: Warning (2): mysql_connect() [<a href='http://php.net/function.mysql-connect'>function.mysql-connect</a>]: Unknown MySQL server host 'localhost' (11001) in [E:\Projects\PHP\aodshop\cake\libs\model\datasources\dbo\dbo_mysql.php, line 561]
2014-11-15 22:44:47 Warning: Warning (2): mysql_query(): supplied argument is not a valid MySQL-Link resource in [E:\Projects\PHP\aodshop\cake\libs\model\datasources\dbo\dbo_mysql.php, line 613]
2014-11-15 22:44:47 Warning: Warning (2): Cannot modify header information - headers already sent by (output started at E:\Projects\PHP\aodshop\cake\libs\debugger.php:686) in [E:\Projects\PHP\aodshop\cake\libs\controller\controller.php, line 742]
2014-11-15 22:44:48 Warning: Warning (2): mysql_connect() [<a href='http://php.net/function.mysql-connect'>function.mysql-connect</a>]: Unknown MySQL server host 'localhost' (11001) in [E:\Projects\PHP\aodshop\cake\libs\model\datasources\dbo\dbo_mysql.php, line 561]
2014-11-15 22:44:48 Warning: Warning (2): mysql_query(): supplied argument is not a valid MySQL-Link resource in [E:\Projects\PHP\aodshop\cake\libs\model\datasources\dbo\dbo_mysql.php, line 613]
2014-11-15 22:44:48 Warning: Warning (2): Cannot modify header information - headers already sent by (output started at E:\Projects\PHP\aodshop\cake\libs\debugger.php:686) in [E:\Projects\PHP\aodshop\cake\libs\controller\controller.php, line 742]
2014-11-15 22:46:00 Warning: Warning (2): mysql_connect() [<a href='http://php.net/function.mysql-connect'>function.mysql-connect</a>]: Unknown MySQL server host 'localhost' (11001) in [E:\Projects\PHP\aodshop\cake\libs\model\datasources\dbo\dbo_mysql.php, line 561]
2014-11-15 22:46:00 Warning: Warning (2): mysql_query(): supplied argument is not a valid MySQL-Link resource in [E:\Projects\PHP\aodshop\cake\libs\model\datasources\dbo\dbo_mysql.php, line 613]
2014-11-15 22:46:00 Warning: Warning (2): Cannot modify header information - headers already sent by (output started at E:\Projects\PHP\aodshop\cake\libs\debugger.php:686) in [E:\Projects\PHP\aodshop\cake\libs\controller\controller.php, line 742]
2014-11-15 22:46:06 Warning: Warning (2): mysql_connect() [<a href='http://php.net/function.mysql-connect'>function.mysql-connect</a>]: Unknown MySQL server host 'localhost' (11001) in [E:\Projects\PHP\aodshop\cake\libs\model\datasources\dbo\dbo_mysql.php, line 561]
2014-11-15 22:46:06 Warning: Warning (2): mysql_query(): supplied argument is not a valid MySQL-Link resource in [E:\Projects\PHP\aodshop\cake\libs\model\datasources\dbo\dbo_mysql.php, line 613]
2014-11-15 22:46:06 Warning: Warning (2): Cannot modify header information - headers already sent by (output started at E:\Projects\PHP\aodshop\cake\libs\debugger.php:686) in [E:\Projects\PHP\aodshop\cake\libs\controller\controller.php, line 742]
2014-11-15 22:46:26 Warning: Warning (2): mysql_connect() [<a href='http://php.net/function.mysql-connect'>function.mysql-connect</a>]: Unknown MySQL server host 'localhost' (11001) in [E:\Projects\PHP\aodshop\cake\libs\model\datasources\dbo\dbo_mysql.php, line 561]
2014-11-15 22:46:26 Warning: Warning (2): mysql_query(): supplied argument is not a valid MySQL-Link resource in [E:\Projects\PHP\aodshop\cake\libs\model\datasources\dbo\dbo_mysql.php, line 613]
2014-11-15 22:46:26 Warning: Warning (2): Cannot modify header information - headers already sent by (output started at E:\Projects\PHP\aodshop\cake\libs\debugger.php:686) in [E:\Projects\PHP\aodshop\cake\libs\controller\controller.php, line 742]
2014-11-15 22:46:27 Warning: Warning (2): mysql_connect() [<a href='http://php.net/function.mysql-connect'>function.mysql-connect</a>]: Unknown MySQL server host 'localhost' (11001) in [E:\Projects\PHP\aodshop\cake\libs\model\datasources\dbo\dbo_mysql.php, line 561]
2014-11-15 22:46:27 Warning: Warning (2): mysql_query(): supplied argument is not a valid MySQL-Link resource in [E:\Projects\PHP\aodshop\cake\libs\model\datasources\dbo\dbo_mysql.php, line 613]
2014-11-15 22:46:27 Warning: Warning (2): Cannot modify header information - headers already sent by (output started at E:\Projects\PHP\aodshop\cake\libs\debugger.php:686) in [E:\Projects\PHP\aodshop\cake\libs\controller\controller.php, line 742]
2014-11-18 17:56:51 Warning: Warning (2): Cannot modify header information - headers already sent by (output started at E:\Projects\PHP\aodshop\cake\libs\debugger.php:686) in [E:\Projects\PHP\aodshop\cake\libs\controller\controller.php, line 742]
2014-11-19 00:58:22 Warning: Warning (2): preg_match() expects parameter 2 to be string, array given in [E:\Projects\PHP\aodshop\cake\libs\validation.php, line 946]
2014-11-19 01:30:30 Warning: Warning (512): <span style="color:Red;text-align:left"><b>SQL Error:</b> 1364: Field 'id' doesn't have a default value</span> in [E:\Projects\PHP\aodshop\cake\libs\model\datasources\dbo_source.php, line 684]
2014-11-19 01:30:56 Warning: Warning (512): <span style="color:Red;text-align:left"><b>SQL Error:</b> 1364: Field 'id' doesn't have a default value</span> in [E:\Projects\PHP\aodshop\cake\libs\model\datasources\dbo_source.php, line 684]
2014-11-19 01:33:39 Warning: Warning (512): <span style="color:Red;text-align:left"><b>SQL Error:</b> 1364: Field 'picture' doesn't have a default value</span> in [E:\Projects\PHP\aodshop\cake\libs\model\datasources\dbo_source.php, line 684]
2014-11-19 01:34:56 Warning: Warning (512): <span style="color:Red;text-align:left"><b>SQL Error:</b> 1364: Field 'picture' doesn't have a default value</span> in [E:\Projects\PHP\aodshop\cake\libs\model\datasources\dbo_source.php, line 684]
2014-11-19 01:38:41 Warning: Warning (2): preg_match() expects parameter 2 to be string, array given in [E:\Projects\PHP\aodshop\cake\libs\validation.php, line 946]
2014-11-19 01:41:16 Warning: Warning (2): preg_match() expects parameter 2 to be string, array given in [E:\Projects\PHP\aodshop\cake\libs\validation.php, line 946]
2014-11-19 01:43:12 Warning: Warning (2): preg_match() expects parameter 2 to be string, array given in [E:\Projects\PHP\aodshop\cake\libs\validation.php, line 946]
2014-11-19 01:51:39 Warning: Warning (512): <span style="color:Red;text-align:left"><b>SQL Error:</b> 1048: Column 'price' cannot be null</span> in [E:\Projects\PHP\aodshop\cake\libs\model\datasources\dbo_source.php, line 684]
2014-11-19 15:43:39 Warning: Warning (512): <span style="color:Red;text-align:left"><b>SQL Error:</b> 1054: Unknown column 'GrouppurchaseProduct.userid' in 'where clause'</span> in [E:\Projects\PHP\aodshop\cake\libs\model\datasources\dbo_source.php, line 684]
2014-11-19 15:43:39 Warning: Warning (2): Invalid argument supplied for foreach() in [E:\Projects\PHP\aodshop\app\views\grouppurchase_products\bussiness_list_group_product.ctp, line 26]
2014-11-19 15:43:39 Warning: Warning (512): <span style="color:Red;text-align:left"><b>SQL Error:</b> 1054: Unknown column 'GrouppurchaseProduct.userid' in 'where clause'</span> in [E:\Projects\PHP\aodshop\cake\libs\model\datasources\dbo_source.php, line 684]
2014-11-19 15:43:39 Warning: Warning (2): Invalid argument supplied for foreach() in [E:\Projects\PHP\aodshop\app\views\grouppurchase_products\bussiness_list_group_product.ctp, line 26]
2014-11-20 00:56:31 Warning: Warning (512): <span style="color:Red;text-align:left"><b>SQL Error:</b> 1048: Column 'price' cannot be null</span> in [E:\Projects\PHP\aodshop\cake\libs\model\datasources\dbo_source.php, line 684]
